4 234 282 237 256
4 221 157 98 77
2 36 97
3 167 224 190
3 168 26 35
3 65 68 132
4 34 109 115 247
3 179 59 257
3 99 241 126
4 108 230 244 183
3 54 131 149
3 184 239 106
2 216 143
2 275 192
4 110 185 271 264
3 180 6 135
3 87 83 151
3 33 281 236
2 41 173
5 164 172 202 3 55
3 116 217 272
3 8 117 114
2 88 12
4 72 39 163 189
3 4 122 194
4 299 146 139 123
3 286 295 292
3 0 266 208
2 80 81
2 134 23
3 7 64 176
5 103 188 209 89 45
2 296 250
4 24 222 14 223
3 212 158 211
4 85 255 186 175
3 249 291 46
4 246 160 279 2
3 210 70 30
2 75 69
3 62 17 94
3 220 191 297
2 161 48
5 159 174 119 219 78
3 294 238 251
3 13 31 37
4 162 28 253 142
2 92 288
4 148 42 205 1
2 133 182
4 203 277 195 231
6 193 96 82 242 229 84
3 127 145 141
3 276 102 100
2 58 11
3 259 86 43
3 136 40 248
2 95 93
3 137 140 289
2 260 233
3 150 204 76
3 227 283 293
4 56 177 20 270
2 144 178
2 107 66
3 225 104 274
2 218 181
3 171 243 138
2 263 147
3 105 118 240
2 187 120
4 74 213 29 201
2 38 71
3 267 10 169
4 261 258 269 215
2 273 124
3 125 128 284
4 198 197 67 47
4 18 61 16 165
3 44 214 152
2 19 235
2 15 9
2 290 287
2 285 207
2 60 25
3 57 298 73
2 200 154
4 63 199 155 130
3 113 22 196
3 129 50 49
3 166 280 252
2 53 228
4 232 111 112 206
4 226 268 27 5
2 79 153
3 245 170 51
3 91 101 278
4 21 121 265 52
3 32 254 262
2 156 90
