60 49 155 315 380 477 555 619 660 732 879 960 1053 1093 1184 1242 1293 1400 1456 1553 1654 1727 1818 1948 2080 2157 2272 2369 2498 2587 2705 2820 2909 2938 2988 3032 3105 3182 3259 3302 3344 3395 3531 3610 3639 3715 3836 3904 3972 4016 4114 4164 4236 4336 4422 4484 4605 4697 4810 4847 9957
61 50 147 257 339 434 568 665 690 725 806 913 1024 1061 1099 1209 1308 1343 1449 1528 1647 1718 1771 1841 1917 1969 2056 2126 2182 2251 2321 2373 2405 2541 2654 2725 2805 2915 2955 3076 3131 3294 3363 3438 3501 3582 3708 3772 3848 3928 4049 4117 4176 4280 4322 4438 4492 4541 4617 4708 4795 9987
59 51 165 293 389 479 553 609 688 758 846 896 989 1055 1076 1182 1260 1320 1405 1474 1560 1663 1728 1813 1879 1951 2037 2117 2218 2274 2381 2462 2534 2619 2675 2733 2803 2902 3001 3117 3204 3265 3318 3409 3455 3498 3579 3676 3780 3814 3869 4014 4138 4237 4372 4505 4627 4724 4781 9994
59 52 167 292 408 485 537 675 739 797 851 948 1017 1128 1210 1289 1358 1442 1475 1566 1637 1712 1769 1821 1886 2015 2087 2163 2211 2280 2380 2480 2545 2665 2693 2771 2845 2950 3025 3121 3192 3264 3385 3478 3547 3669 3803 3858 3939 3998 4079 4185 4284 4339 4417 4509 4632 4700 4799 9971
62 53 185 323 366 448 498 554 611 667 761 827 876 928 992 1069 1104 1172 1233 1322 1388 1480 1544 1644 1708 1799 1856 1896 2006 2153 2238 2328 2407 2496 2574 2635 2720 2812 2895 3008 3106 3207 3345 3433 3477 3563 3604 3680 3725 3816 3932 4034 4160 4220 4365 4482 4554 4607 4646 4715 4803 4832 9928
59 54 169 285 342 438 544 659 726 786 884 981 1095 1204 1239 1295 1352 1433 1515 1627 1711 1807 1888 1991 2047 2085 2148 2257 2301 2355 2483 2589 2673 2722 2807 2847 2967 3015 3062 3229 3341 3378 3486 3584 3660 3757 3880 3955 4056 4090 4196 4309 4377 4436 4533 4648 4714 4819 4855 9935
65 55 219 249 357 437 575 712 784 842 941 997 1109 1212 1259 1324 1394 1444 1504 1576 1645 1738 1816 1979 2005 2034 2121 2204 2306 2402 2518 2595 2664 2785 2860 2939 2992 3040 3116 3178 3277 3336 3456 3483 3520 3580 3635 3659 3710 3789 3841 3907 3971 4042 4122 4170 4272 4367 4411 4521 4597 4675 4723 4770 4860 9983
63 56 137 235 275 386 435 523 602 669 735 766 822 914 999 1094 1160 1203 1261 1304 1448 1501 1594 1680 1766 1801 1889 1941 2068 2142 2223 2314 2423 2486 2582 2614 2744 2836 2973 3043 3101 3158 3247 3297 3390 3487 3571 3653 3759 3808 3882 3980 4050 4124 4174 4246 4301 4394 4464 4531 4672 4817 18 9947
67 57 131 184 254 318 346 467 569 637 768 853 880 1003 1142 1181 1257 1339 1431 1487 1579 1643 1701 1796 1903 1984 2043 2115 2140 2212 2266 2341 2413 2492 2640 2743 2815 2865 2987 3054 3153 3244 3278 3322 3397 3445 3481 3505 3549 3609 3685 3758 3862 3950 4037 4063 4141 4230 4253 4363 4413 4481 4544 4628 4707 4766 14 9933
61 58 146 206 313 378 426 527 687 762 833 909 985 1080 1119 1149 1227 1345 1451 1497 1586 1692 1859 1884 1936 1980 2046 2109 2168 2249 2347 2403 2491 2624 2696 2747 2872 2947 3044 3145 3239 3303 3377 3495 3548 3621 3711 3777 3838 3933 4009 4130 4244 4276 4390 4489 4583 4654 4728 4777 4857 9975
58 59 141 236 283 348 419 499 545 632 696 852 957 1039 1092 1138 1208 1285 1342 1465 1522 1559 1631 1750 1832 1867 2031 2093 2175 2348 2434 2586 2697 2759 2852 2925 3099 3217 3313 3376 3428 3479 3556 3707 3754 3828 3903 3941 4008 4070 4168 4252 4319 4418 4500 4592 4679 4830 9988
63 60 187 245 310 368 469 547 615 689 737 840 935 963 1027 1157 1258 1366 1450 1495 1607 1691 1783 1833 1907 1993 2106 2209 2250 2294 2364 2429 2529 2611 2730 2823 2878 2936 3019 3126 3189 3251 3371 3457 3529 3570 3620 3668 3761 3810 3886 3975 4058 4151 4278 4341 4425 4502 4603 4683 4725 4760 22 9965
57 61 204 261 372 472 521 651 779 895 976 1129 1217 1313 1330 1379 1549 1649 1698 1748 1806 1895 1968 2053 2124 2176 2293 2366 2442 2542 2676 2760 2912 2982 3092 3195 3252 3300 3352 3447 3524 3589 3645 3787 3902 3953 4030 4075 4201 4298 4446 4490 4549 4572 4618 4713 4812 9921
64 62 198 248 375 428 449 543 664 756 815 885 961 1040 1105 1264 1331 1408 1455 1557 1641 1695 1808 1904 2019 2116 2246 2268 2332 2427 2479 2562 2617 2648 2687 2748 2788 2896 2953 2993 3031 3130 3240 3296 3401 3462 3527 3626 3692 3843 3860 3969 4102 4167 4231 4274 4374 4441 4513 4563 4625 4693 4755 29 9992
61 63 207 282 327 407 439 516 594 645 728 772 837 881 975 1107 1166 1238 1314 1350 1403 1508 1604 1682 1793 1869 1932 2010 2059 2161 2259 2371 2416 2546 2649 2824 2937 3005 3066 3133 3220 3257 3311 3449 3518 3543 3647 3728 3813 3885 3968 4068 4180 4250 4302 4368 4452 4577 4695 4801 4838 9997
59 64 209 320 384 446 526 608 742 776 860 920 1011 1074 1137 1279 1374 1494 1535 1601 1704 1823 1965 2048 2173 2240 2353 2388 2450 2507 2568 2712 2831 2886 2981 3035 3095 3167 3279 3321 3375 3490 3598 3656 3701 3839 3888 3966 4020 4123 4223 4329 4384 4435 4537 4613 4694 4752 4833 9963
63 65 226 278 332 390 504 584 644 701 748 831 929 1004 1051 1152 1267 1302 1389 1415 1506 1555 1672 1737 1805 1836 1958 2022 2134 2178 2310 2421 2567 2625 2734 2829 2918 2951 3033 3069 3152 3227 3288 3368 3414 3473 3532 3575 3644 3742 3871 3991 4083 4198 4311 4387 4466 4569 4599 4663 4721 4794 4823 9959
63 66 152 233 290 418 551 606 647 711 771 902 950 1022 1083 1124 1189 1262 1386 1423 1461 1591 1683 1744 1811 1906 1954 2118 2234 2300 2395 2459 2537 2621 2713 2795 2877 2989 3036 3100 3205 3249 3353 3436 3510 3554 3638 3731 3773 3829 3892 3962 4011 4105 4217 4355 4404 4463 4539 4615 4673 4716 4811 9973
59 67 251 333 399 503 649 753 820 911 965 1001 1062 1158 1306 1371 1488 1562 1612 1685 1778 1849 1911 1976 2038 2119 2191 2296 2411 2539 2638 2776 2859 2882 2926 2995 3107 3187 3310 3382 3508 3577 3623 3700 3766 3835 3918 3999 4051 4127 4197 4296 4330 4389 4455 4560 4620 4742 4829 9942
58 68 134 309 330 445 497 576 694 785 891 978 1049 1127 1178 1224 1337 1428 1491 1539 1551 1614 1681 1825 1957 2021 2074 2166 2256 2360 2451 2502 2565 2610 2728 2822 2948 3049 3120 3162 3250 3316 3379 3460 3583 3733 3794 3899 4004 4099 4135 4251 4359 4474 4553 4647 4748 4824 9976
61 69 170 270 381 447 546 633 778 866 903 973 1043 1117 1265 1299 1395 1472 1546 1669 1745 1892 1944 2023 2072 2107 2145 2214 2298 2334 2425 2475 2530 2642 2732 2810 2848 2921 3000 3081 3160 3263 3287 3354 3450 3516 3614 3722 3796 3906 3984 4080 4143 4204 4262 4371 4445 4536 4637 4719 4792 37
65 70 174 276 345 432 510 552 635 733 770 863 1013 1110 1168 1246 1307 1362 1410 1458 1572 1652 1730 1774 1829 1971 2127 2199 2358 2406 2513 2575 2647 2736 2789 2867 2933 3060 3176 3323 3349 3389 3434 3521 3599 3695 3745 3811 3840 3881 3988 4053 4097 4137 4211 4275 4324 4362 4472 4546 4608 4676 4740 4754 4853 9956
62 71 145 216 280 423 548 676 765 826 971 1030 1148 1248 1361 1443 1481 1531 1602 1670 1758 1820 1881 1938 1986 2032 2073 2224 2281 2362 2470 2548 2620 2661 2717 2874 2924 2991 3089 3155 3266 3324 3355 3453 3537 3555 3595 3651 3747 3807 3919 3986 4055 4153 4240 4304 4415 4432 4527 4566 4656 4852 9978
63 72 132 221 311 404 463 525 600 671 722 804 856 953 1038 1125 1276 1333 1391 1484 1523 1716 1791 1861 1975 2078 2136 2217 2267 2320 2387 2435 2560 2628 2688 2796 2856 2941 3028 3127 3185 3260 3365 3413 3470 3514 3629 3667 3734 3820 3873 3937 4035 4115 4206 4290 4335 4431 4487 4557 4611 4711 4828 9977
57 73 200 269 364 466 566 673 745 832 861 984 1070 1171 1269 1344 1407 1446 1519 1569 1633 1674 1786 1835 1905 2045 2079 2155 2289 2390 2487 2581 2690 2774 2850 2959 3103 3194 3280 3380 3441 3512 3588 3677 3779 3819 3883 3943 4031 4146 4238 4287 4416 4461 4573 4710 4775 9954
59 74 160 222 312 424 520 616 636 730 782 800 926 1067 1120 1202 1303 1377 1498 1585 1655 1714 1788 1830 1902 1952 2042 2156 2215 2391 2471 2532 2623 2700 2762 2885 2957 3068 3141 3261 3451 3565 3682 3735 3778 3935 4003 4027 4126 4254 4331 4400 4510 4530 4589 4644 4706 4722 46 9989
56 75 180 271 365 470 588 721 811 871 964 1048 1159 1296 1363 1485 1540 1616 1696 1776 1826 1960 2075 2169 2219 2303 2438 2477 2569 2657 2741 2890 2965 2994 3055 3146 3242 3317 3427 3502 3567 3713 3765 3908 4033 4118 4218 4317 4358 4427 4517 4590 4657 4762 4841 4884 9941
59 76 177 215 359 441 528 589 655 709 807 889 936 1009 1089 1146 1207 1263 1341 1416 1503 1574 1688 1768 1812 1878 1940 2036 2113 2181 2231 2307 2454 2535 2686 2786 2844 2904 2996 3119 3202 3312 3339 3493 3587 3664 3768 3852 3956 4036 4147 4229 4342 4470 4515 4623 4685 4736 26 9953
61 77 156 242 340 427 535 628 702 816 910 1005 1047 1131 1241 1373 1413 1536 1629 1780 1885 1988 2041 2086 2164 2283 2352 2401 2489 2598 2655 2670 2773 2903 2961 3030 3063 3198 3245 3268 3320 3421 3546 3693 3750 3785 3809 3878 4000 4069 4150 4199 4267 4353 4424 4556 4643 4732 4783 4807 4875 9931
59 78 253 377 483 567 681 791 870 955 1060 1103 1162 1221 1323 1368 1469 1580 1639 1719 1787 1809 1918 1998 2110 2187 2226 2254 2350 2392 2453 2558 2651 2775 2819 2858 2914 3013 3091 3184 3214 3366 3511 3622 3712 3797 3909 3951 3993 4081 4136 4190 4266 4332 4439 4528 4626 4709 4809 9967
57 79 178 300 421 559 650 715 798 908 977 1123 1190 1277 1382 1445 1518 1570 1619 1640 1761 1842 1910 1964 2071 2159 2220 2309 2397 2484 2559 2679 2738 2821 2920 2977 3053 3128 3254 3381 3464 3615 3679 3738 3798 3875 3977 4039 4082 4144 4269 4396 4529 4642 4689 4788 4869 9929
60 80 143 231 301 362 431 530 607 677 724 788 847 944 1044 1106 1195 1291 1432 1500 1590 1717 1754 1802 1868 1947 1982 2122 2201 2277 2376 2424 2474 2549 2629 2719 2783 2854 2980 3075 3139 3270 3329 3417 3533 3704 3817 3913 3944 4023 4119 4207 4265 4308 4344 4430 4476 4596 4737 4808 9949
57 81 161 237 317 388 457 488 550 630 781 838 938 1023 1118 1222 1312 1479 1578 1677 1739 1784 1860 1970 2028 2131 2221 2292 2377 2501 2561 2663 2692 2755 2804 2869 2974 3070 3180 3243 3408 3525 3605 3681 3815 3965 4021 4074 4098 4227 4314 4423 4493 4547 4635 4767 4870 9940
58 82 191 279 349 440 500 597 736 868 940 1090 1169 1186 1231 1336 1381 1548 1598 1638 1678 1759 1914 1983 2029 2137 2222 2305 2349 2457 2511 2533 2604 2721 2787 2887 2971 3018 3064 3193 3273 3386 3557 3616 3705 3744 3872 3995 4108 4194 4328 4485 4534 4587 4602 4702 4759 4835 9951
62 83 153 205 268 325 352 387 453 514 595 707 818 841 932 996 1144 1183 1283 1436 1511 1634 1782 1837 1908 2000 2100 2195 2252 2367 2469 2506 2578 2745 2768 2825 2923 3027 3114 3173 3326 3420 3465 3509 3631 3697 3771 3854 3891 3990 4065 4131 4187 4255 4383 4450 4523 4614 4671 4744 4815 4856 9934
61 84 159 240 401 476 577 679 746 790 886 974 1046 1130 1225 1351 1429 1476 1584 1626 1732 1785 1909 2007 2114 2151 2208 2319 2383 2446 2528 2596 2633 2702 2782 2864 2945 3073 3159 3284 3422 3513 3558 3606 3671 3756 3824 3910 4018 4084 4107 4172 4260 4350 4437 4508 4561 4655 4730 4804 4881 9939
66 85 181 255 303 416 491 585 705 789 854 983 1084 1091 1243 1282 1365 1424 1463 1545 1630 1697 1752 1798 1963 2017 2065 2132 2216 2247 2317 2356 2432 2481 2552 2609 2666 2778 2830 2934 3017 3157 3218 3269 3357 3405 3474 3560 3630 3675 3741 3868 3967 4038 4140 4203 4264 4354 4410 4444 4501 4570 4636 4666 4743 4820 9969
61 86 166 267 351 398 481 562 598 614 627 706 812 925 1042 1141 1226 1294 1356 1393 1496 1561 1635 1721 1844 1930 2062 2101 2196 2291 2436 2519 2553 2597 2637 2710 2797 2891 3022 3147 3222 3327 3398 3472 3585 3699 3749 3877 3924 4005 4100 4189 4283 4385 4494 4578 4621 4691 4727 4798 40 9979
62 87 173 194 307 417 513 578 610 697 795 873 959 1071 1113 1154 1236 1315 1398 1483 1595 1671 1764 1814 1870 1950 2012 2102 2243 2374 2466 2525 2590 2645 2723 2777 2883 2966 3023 3104 3140 3190 3351 3383 3452 3590 3688 3823 3893 3936 3976 4045 4132 4226 4313 4376 4477 4540 4616 4699 4787 4854 9996
62 88 142 176 241 329 385 403 455 541 613 663 794 864 933 1085 1206 1278 1375 1492 1542 1610 1770 1890 1946 1974 2054 2098 2172 2258 2330 2463 2538 2606 2667 2765 2799 2833 2871 2943 3021 3163 3275 3362 3426 3535 3596 3673 3791 3850 3964 4022 4158 4213 4299 4388 4479 4595 4658 4734 4778 4843 9958
63 89 262 334 383 454 496 557 612 654 801 845 918 990 1075 1140 1232 1334 1419 1473 1558 1620 1753 1845 1919 2001 2095 2186 2253 2325 2389 2428 2495 2594 2678 2790 2892 2946 3010 3077 3137 3212 3246 3359 3418 3489 3526 3566 3666 3753 3825 3864 3940 4026 4154 4257 4315 4379 4393 4511 4645 4751 4826 9972
60 90 171 272 343 402 464 558 626 710 882 993 1082 1175 1230 1287 1420 1502 1564 1667 1743 1840 1891 1921 1962 2061 2135 2241 2343 2467 2521 2557 2639 2780 2846 2888 2979 3080 3156 3235 3301 3400 3469 3561 3643 3716 3767 3845 3887 4006 4089 4152 4247 4364 4406 4473 4575 4682 4761 36 9924
56 91 196 277 328 425 517 652 674 759 862 922 962 1065 1188 1247 1384 1510 1592 1661 1749 1827 1872 1942 2011 2144 2193 2244 2414 2465 2526 2613 2742 2813 2922 3056 3102 3201 3361 3431 3500 3611 3687 3800 3857 3959 4064 4139 4215 4321 4391 4524 4619 4686 4776 4837 9936
56 92 148 175 347 482 563 691 743 878 972 1016 1077 1187 1297 1364 1447 1563 1664 1751 1815 1916 2051 2180 2331 2379 2412 2510 2605 2658 2779 2832 2899 2940 3057 3122 3144 3199 3267 3374 3437 3591 3637 3729 3894 4001 4092 4208 4297 4382 4458 4538 4586 4670 4757 4822 9985
66 93 154 259 331 397 471 586 631 780 890 954 1037 1068 1112 1185 1301 1349 1418 1514 1577 1609 1686 1729 1863 1893 1943 2044 2084 2170 2245 2326 2394 2494 2555 2592 2643 2735 2811 2910 2975 3014 3088 3183 3330 3419 3497 3636 3690 3740 3783 3826 3884 4046 4113 4169 4234 4279 4386 4449 4503 4565 4659 4720 48 4865 9923
61 94 144 230 298 358 474 571 592 704 751 828 949 988 1072 1176 1229 1353 1434 1573 1611 1724 1777 1843 1987 2064 2177 2242 2346 2385 2420 2499 2636 2740 2816 2842 2894 2917 2978 3079 3175 3232 3346 3448 3534 3661 3769 3822 3914 3948 4044 4111 4175 4286 4351 4483 4571 4650 4688 4769 4846 9991
65 95 140 182 238 335 410 494 622 678 777 813 900 998 1052 1121 1155 1228 1317 1406 1459 1538 1628 1722 1790 1883 1995 2039 2165 2248 2288 2337 2408 2478 2572 2680 2761 2855 2916 3007 3084 3142 3203 3304 3393 3423 3468 3545 3670 3723 3774 3855 3923 3983 4032 4133 4186 4305 4348 4381 4496 4550 4660 4753 38 9937
60 96 192 247 354 415 473 570 692 727 808 848 930 994 1050 1134 1205 1245 1383 1426 1513 1543 1624 1735 1834 1923 2040 2092 2158 2237 2276 2323 2398 2472 2509 2607 2716 2784 2863 3012 3138 3228 3305 3325 3442 3573 3709 3812 3960 4017 4173 4285 4338 4397 4443 4516 4582 4630 4703 4782 9995
65 97 138 195 260 321 392 413 507 590 641 734 803 858 924 1010 1135 1223 1271 1346 1390 1422 1533 1668 1828 1953 2104 2228 2285 2368 2460 2524 2622 2682 2691 2793 2840 2906 3037 3058 3135 3216 3292 3328 3367 3429 3574 3613 3684 3760 3895 3994 4103 4224 4268 4343 4369 4421 4467 4506 4591 4634 4677 4786 45 9990
60 98 188 229 305 369 412 532 587 672 773 877 969 1059 1191 1213 1256 1335 1380 1467 1537 1666 1733 1810 1935 2016 2112 2171 2197 2327 2426 2504 2631 2706 2770 2905 2970 3086 3177 3219 3282 3358 3432 3530 3612 3691 3770 3876 3945 4029 4060 4195 4312 4395 4440 4518 4588 4717 4747 4839 9952
59 99 224 234 316 422 519 573 629 699 824 931 1014 1122 1173 1215 1305 1347 1438 1489 1565 1706 1773 1880 1955 2003 2128 2262 2313 2342 2422 2448 2514 2576 2672 2727 2873 2964 3093 3200 3262 3356 3416 3482 3569 3646 3714 3792 3897 4019 4101 4200 4293 4347 4426 4600 4704 4802 21 9966
65 100 136 252 296 344 409 460 529 582 642 754 817 915 1019 1145 1201 1250 1311 1369 1454 1521 1621 1720 1781 1899 1961 2018 2094 2152 2192 2260 2336 2488 2554 2656 2751 2791 2881 2928 3006 3061 3111 3237 3307 3425 3504 3600 3672 3786 3821 3938 4052 4121 4183 4225 4320 4403 4507 4567 4612 4653 4690 4779 4845 9968
56 101 202 274 291 376 465 512 572 740 901 995 1045 1101 1216 1321 1354 1470 1524 1606 1709 1762 1857 1985 2035 2133 2225 2357 2458 2527 2603 2715 2841 2958 3059 3166 3213 3286 3347 3440 3540 3649 3737 3801 3867 3926 3997 4095 4155 4233 4281 4398 4532 4661 4763 4836 9925
55 102 199 324 360 489 604 657 703 764 857 923 1041 1133 1254 1332 1457 1532 1617 1690 1779 1803 1822 1894 1997 2081 2167 2286 2382 2447 2551 2612 2695 2750 2880 3039 3096 3168 3291 3343 3403 3542 3632 3739 3763 3856 4013 4062 4182 4256 4326 4498 4601 4733 10 9932
58 103 139 223 266 405 458 583 718 783 869 967 1064 1199 1288 1367 1435 1550 1587 1625 1767 1876 1996 2052 2141 2202 2297 2372 2493 2540 2650 2834 2897 3009 3065 3188 3274 3332 3458 3507 3601 3665 3730 3781 3804 3853 3921 3982 4066 4165 4248 4340 4428 4525 4633 4678 4749 4816 9920
64 104 158 227 356 452 540 599 648 693 741 825 916 1032 1078 1164 1253 1319 1437 1526 1605 1660 1725 1858 1901 1966 2055 2103 2143 2229 2270 2324 2440 2531 2608 2674 2708 2794 2879 2986 3087 3174 3208 3272 3281 3315 3404 3494 3568 3627 3702 3806 3890 3978 4015 4171 4209 4373 4453 4555 4581 4681 4773 4866 9950
58 105 172 302 411 501 538 643 720 836 892 982 1096 1194 1234 1284 1402 1478 1589 1684 1775 1862 1912 2013 2129 2232 2269 2333 2439 2556 2632 2731 2817 2968 3072 3109 3191 3209 3271 3309 3415 3559 3648 3732 3782 3851 3934 4043 4094 4216 4306 4361 4451 4478 4526 4622 4772 33 9986
60 106 211 256 341 414 444 492 515 593 698 787 872 919 951 1036 1087 1180 1292 1392 1517 1636 1658 1747 1871 1949 2049 2150 2299 2351 2443 2577 2685 2808 2893 2952 3020 3098 3196 3360 3402 3515 3576 3642 3703 3805 3896 3958 4061 4134 4184 4245 4310 4399 4459 4504 4558 4641 4789 42 9984
59 107 201 304 350 429 495 536 624 760 887 946 1025 1111 1198 1316 1414 1509 1596 1648 1687 1755 1850 1931 1994 2050 2111 2230 2335 2418 2468 2566 2591 2711 2806 2884 2942 3050 3181 3231 3289 3412 3536 3640 3751 3795 3879 3920 3973 4028 4109 4205 4318 4419 4535 4598 4631 4738 43 9948
59 108 218 273 295 337 394 505 605 666 738 802 849 905 979 1063 1170 1286 1378 1453 1556 1597 1662 1731 1887 1972 2108 2236 2278 2344 2410 2543 2593 2699 2756 2843 2927 2976 3034 3151 3234 3314 3384 3522 3654 3784 3847 3889 3952 4007 4120 4210 4282 4401 4465 4604 4712 4784 25 9955
57 109 210 294 370 511 623 684 750 793 874 970 1073 1211 1290 1411 1493 1608 1741 1848 1937 2014 2090 2179 2287 2340 2452 2516 2618 2698 2766 2837 2919 3045 3150 3170 3233 3308 3388 3467 3562 3755 3818 3927 3992 4067 4159 4271 4409 4486 4559 4652 4692 4780 4844 13 8 9926
57 110 150 225 297 379 456 518 581 686 823 937 1021 1114 1272 1359 1409 1460 1568 1659 1715 1757 1882 1939 2004 2077 2162 2271 2404 2520 2630 2681 2753 2851 2908 2985 3094 3226 3338 3411 3471 3503 3633 3689 3752 3837 3898 3996 4076 4181 4270 4412 4499 4543 4649 4758 4827 9980
59 111 193 287 322 406 478 556 638 708 755 865 952 991 1081 1219 1298 1376 1430 1466 1588 1656 1703 1846 1934 2070 2184 2284 2370 2419 2512 2571 2653 2724 2798 2900 2983 3026 3115 3149 3221 3319 3424 3488 3634 3721 3834 3985 4091 4149 4222 4300 4360 4433 4545 4638 4718 4785 4885 9943
58 112 213 286 393 468 574 744 835 912 1000 1098 1177 1244 1325 1412 1516 1613 1710 1746 1865 1922 2002 2063 2089 2203 2308 2441 2503 2601 2671 2757 2870 2990 3074 3123 3179 3241 3337 3394 3485 3572 3625 3724 3830 3911 3954 4048 4087 4214 4259 4349 4429 4512 4639 4701 4765 4834 9999
61 113 186 265 338 484 565 682 775 883 939 1015 1088 1143 1214 1338 1385 1486 1530 1582 1651 1736 1853 1897 2008 2082 2185 2302 2393 2433 2523 2616 2701 2737 2839 2901 2949 3029 3108 3172 3238 3333 3430 3459 3506 3608 3628 3694 3833 3901 4010 4072 4157 4242 4380 4475 4579 4624 4729 4771 39 9982
62 114 190 264 353 450 522 596 656 731 850 907 1007 1058 1163 1193 1266 1396 1477 1599 1675 1734 1797 1855 1928 1978 2033 2125 2198 2304 2359 2485 2508 2585 2689 2749 2849 2954 3011 3067 3165 3223 3276 3391 3475 3564 3658 3746 3793 3925 3970 4073 4161 4192 4263 4333 4392 4420 4495 4640 4750 4805 9981
64 115 157 217 263 306 363 451 509 591 668 799 844 945 1035 1100 1153 1268 1355 1462 1547 1622 1713 1817 1875 1924 2026 2099 2205 2264 2338 2461 2570 2615 2668 2709 2838 2944 3038 3124 3230 3298 3372 3484 3586 3624 3698 3790 3842 3917 4012 4106 4142 4212 4325 4405 4480 4519 4593 4665 4756 4800 4848 27 9927
57 116 214 244 336 493 603 670 792 855 958 1026 1174 1240 1318 1439 1529 1603 1673 1756 1877 1999 2088 2194 2312 2378 2409 2482 2584 2646 2758 2826 2931 3016 3118 3171 3210 3373 3444 3492 3541 3607 3650 3727 3861 3930 4057 4125 4232 4303 4346 4402 4471 4497 4568 4667 4774 9944
68 117 208 289 382 436 506 549 646 713 834 904 942 1002 1057 1115 1167 1235 1274 1370 1441 1575 1653 1742 1819 1925 1989 2057 2130 2227 2311 2345 2464 2517 2579 2626 2729 2769 2809 2930 2984 3097 3143 3169 3255 3290 3334 3446 3517 3597 3662 3717 3762 3799 3865 3922 3949 4040 4128 4193 4258 4352 4434 4520 4576 4684 4735 4790 9970
63 118 179 319 391 430 480 539 662 717 763 809 859 934 1020 1086 1165 1255 1328 1417 1468 1581 1632 1707 1831 1956 2030 2096 2190 2265 2329 2437 2444 2536 2662 2704 2792 2857 2999 3024 3052 3129 3256 3331 3392 3466 3551 3592 3683 3748 3849 3979 4059 4156 4202 4288 4327 4468 4548 4680 4745 4764 28 9938
65 119 183 250 326 396 442 564 634 752 819 897 986 1079 1151 1218 1310 1340 1427 1505 1593 1618 1700 1760 1800 1874 1915 1967 2069 2147 2263 2316 2384 2431 2573 2641 2714 2772 2818 2868 2898 2962 3004 3082 3215 3293 3370 3435 3528 3603 3655 3719 3870 3900 3974 4093 4177 4235 4323 4456 4564 4662 4726 4793 4868 9960
63 120 189 314 433 486 579 620 639 700 749 829 921 1029 1108 1179 1237 1309 1421 1541 1694 1839 1926 1959 2020 2083 2160 2239 2273 2354 2476 2580 2660 2764 2862 2969 3046 3078 3125 3224 3335 3406 3491 3602 3736 3846 3916 3946 4025 4086 4145 4228 4316 4366 4407 4448 4491 4562 4606 4664 4741 47 4887 9961
61 121 135 239 299 420 531 618 653 685 729 774 888 980 1116 1197 1270 1357 1452 1525 1642 1702 1772 1838 1898 1992 2067 2154 2207 2318 2375 2445 2515 2588 2677 2718 2814 2889 2960 3048 3148 3186 3258 3348 3463 3496 3544 3618 3720 3831 3929 3981 4071 4110 4221 4273 4356 4454 4514 4651 4731 9946
60 122 151 220 281 367 487 560 580 680 747 867 943 1006 1102 1136 1249 1387 1464 1554 1689 1792 1866 1929 2058 2146 2188 2255 2339 2399 2473 2500 2599 2652 2746 2802 2835 2929 2997 3042 3085 3134 3253 3342 3480 3553 3594 3696 3802 3827 3912 4041 4179 4277 4375 4460 4584 4629 4768 4850 9945
61 123 168 232 373 462 508 621 661 757 821 917 966 1018 1066 1156 1281 1399 1520 1600 1665 1740 1794 1913 1981 2097 2189 2275 2322 2386 2544 2644 2684 2726 2800 2828 2866 2932 2998 3112 3154 3211 3306 3410 3454 3539 3641 3706 3775 3874 3957 4047 4116 4219 4295 4378 4442 4610 4696 4791 4849 9962
68 124 133 203 284 371 461 533 625 695 719 796 843 898 947 987 1056 1126 1192 1252 1300 1401 1499 1552 1657 1699 1763 1804 1847 1927 2009 2027 2066 2123 2213 2365 2430 2490 2547 2602 2669 2707 2801 2913 3002 3090 3136 3225 3340 3387 3461 3538 3617 3663 3718 3844 3905 3961 4077 4104 4191 4243 4291 4345 4457 4574 4705 4813 9998
62 125 164 212 258 400 502 601 716 769 893 956 1028 1097 1139 1273 1329 1372 1507 1527 1623 1705 1851 1920 2025 2105 2183 2235 2295 2415 2455 2505 2550 2703 2763 2853 2907 2963 3051 3132 3206 3299 3396 3476 3581 3674 3743 3832 3931 4002 4054 4112 4178 4241 4294 4334 4408 4469 4585 4669 4746 4825 9974
55 126 149 246 361 490 561 640 810 839 927 1031 1147 1280 1360 1471 1534 1615 1676 1789 1864 1945 2091 2138 2206 2282 2361 2400 2497 2564 2600 2659 2767 2827 2911 3041 3197 3248 3439 3519 3550 3619 3726 3915 3989 4088 4129 4163 4239 4289 4370 4522 4674 4739 4806 9993
59 127 163 243 374 459 524 683 767 830 894 1012 1033 1132 1196 1275 1326 1397 1425 1512 1583 1679 1726 1852 1873 1990 2060 2120 2210 2261 2363 2456 2583 2683 2754 2781 2876 2956 3047 3110 3161 3295 3369 3399 3523 3593 3686 3788 3863 3942 3987 4078 4162 4307 4447 4551 4668 4796 4840 9964
62 128 162 228 308 443 534 658 723 805 875 906 1034 1161 1220 1327 1440 1482 1571 1650 1693 1765 1824 1900 1933 1977 2024 2149 2174 2233 2290 2396 2449 2563 2634 2739 2875 2935 3003 3083 3236 3283 3364 3443 3499 3578 3657 3776 3866 3963 4096 4166 4188 4261 4357 4462 4542 4580 4609 4687 4814 4864 9930
64 129 130 197 288 355 395 475 542 617 714 814 899 968 1008 1054 1150 1200 1251 1348 1404 1490 1567 1646 1723 1795 1854 1973 2076 2139 2200 2279 2315 2417 2522 2627 2694 2752 2861 2972 3071 3113 3164 3285 3350 3407 3552 3652 3678 3764 3859 3947 4024 4085 4148 4249 4292 4337 4414 4488 4552 4594 4698 4831 9922
