23 6505 1825 770 3984 8543 304 2730 3923 8809 6899 3355 1899 2500 7961 2295 2920 8587 3112 95 6280 7628 8774 3636
23 242 9600 1230 8163 3569 5072 3703 937 4231 6542 4668 8092 5475 3916 9592 5763 610 3891 4657 2673 2105 1364 7799
13 2939 1623 8315 3315 3309 3060 1097 7253 5628 1997 1271 4002 4654
17 6226 6096 6434 2618 1020 4069 7540 2046 103 460 7655 7288 372 9127 5160 9645 3104
19 9533 7813 4158 8392 2267 1849 8180 637 8015 5820 3481 1070 3166 9943 3055 210 9737 6519 5405
9 8304 8717 1204 5841 6981 2887 8169 8848 6360
22 1682 9714 9472 4281 6522 2277 5924 2127 3977 7717 4081 9094 7213 8533 9995 9688 6075 8721 7141 854 6956 8227
24 3856 6300 7281 1261 9916 9782 1643 6731 2629 1616 3303 4997 964 7106 517 4461 1993 3148 6026 6843 5853 7019 1710 9633
21 5597 1301 2457 9304 936 3356 6086 7803 362 8846 3960 9588 3194 9315 6115 7677 1773 704 713 7172 8395
9 6517 3318 4912 9320 677 6952 6003 9409 1206
12 9250 2521 2998 7123 8171 939 2772 6045 8526 5773 1817 61
16 5512 6018 5978 8286 8281 1971 4102 1933 7435 8067 5155 4894 9325 3675 7915 8878
17 9739 3422 9876 3858 8098 4319 8377 5354 6819 7029 301 314 3827 7842 4223 7203 7810
16 859 5459 455 8654 2818 9359 9501 2485 6578 4037 1515 8989 9926 29 6173 9836
14 1140 2770 1748 1152 7385 2474 2911 7582 9579 3245 9144 3735 3651 2118
21 8532 1645 6559 8850 2785 6545 6176 2080 6759 9177 1166 2598 4780 6720 4340 3201 7547 3953 32 656 2015
9 5561 4901 4156 5150 8166 1333 783 5903 7005
20 3613 6019 8057 2508 6616 651 1683 743 4633 9998 8935 5164 5966 9235 8668 4833 6913 1257 5881 5245
23 7708 5544 1599 8980 4177 3662 7869 2219 858 2631 7821 7317 8985 564 5725 2607 7178 4026 2917 225 422 6541 3991
15 8199 9642 5758 8301 7824 1056 9369 5630 4500 6591 4747 6767 4282 893 1584
22 361 7606 8308 805 8154 1579 1205 4284 5462 834 189 2087 6622 7076 7805 920 6735 9316 6663 8485 7873 3065
20 8669 4766 5077 8463 9915 7242 2593 5741 9181 7473 4928 9893 984 9471 5049 4855 64 5539 6379 8420
22 9967 4298 913 2152 998 7302 6295 9616 8340 1014 959 8680 5938 6697 9372 1331 4455 8378 7114 1745 5888 2216
20 1976 4077 7742 4891 3359 4390 3390 8602 3876 6397 6275 2906 5590 7330 4693 8367 1221 9769 7515 8257
22 2358 5127 8925 1699 3402 2049 401 9674 8165 8066 2624 2149 2995 4283 1099 9260 8600 1666 6083 6150 5295 4558
13 6995 3378 1652 8523 3671 4977 8619 6845 2405 6945 6511 7809 7792
21 322 8195 2300 3737 9323 7624 5392 1607 6105 804 8240 5932 1632 5019 5670 819 6053 9087 9138 3721 6247
23 2148 8100 8910 7069 8054 2905 3059 1586 3250 1585 4357 8356 727 8579 4313 9029 7491 627 8112 7406 2006 7097 5764
16 1322 5836 4305 9311 4047 7773 4174 8325 8978 5234 9473 1272 1799 660 1251 8261
24 914 9875 763 7537 2203 3618 5889 598 9007 4375 6546 5737 4132 7328 1836 87 9426 6929 6412 7934 665 8799 5816 2304
3 5071 9251 9619
12 2445 6354 9732 6106 6267 5156 7320 3129 2559 8102 7120 9463
12 2563 3084 7154 4332 2530 9723 8729 9267 950 172 6884 5082
26 4614 2853 2252 2224 5855 8113 3902 1526 9308 4737 7359 2895 3529 238 5759 8743 2379 4235 8011 5693 378 2305 7103 6356 9219 7691
20 3237 1658 2961 3185 626 8718 3518 4165 1572 2204 3385 5732 2004 8390 2147 6575 2108 2110 7920 3839
22 6539 58 1064 3069 5665 3229 9676 8061 6553 40 4176 7780 1373 5039 6178 917 7505 6916 1530 3030 5425 6120
24 5575 2145 5977 9673 108 3010 7136 6007 2583 6779 3957 7480 7850 3552 7747 7651 1200 9411 4410 5034 8791 7156 780 2648
21 3413 3950 5817 8865 1718 2208 710 395 9808 5923 911 9541 5389 1893 1754 6313 6868 7070 9090 3663 2652
16 3484 8036 5404 9004 2139 6230 9840 6318 3486 1289 5053 4480 3823 6056 1372 563
12 2528 8417 9096 6071 6077 9393 8236 3976 1863 4788 9815 3510
7 6600 3107 6999 4949 4588 1869 9778
24 3630 5467 899 4741 4490 8210 2298 5095 3162 360 2460 2394 9587 2336 6406 8068 9678 8886 4848 8708 5771 9402 6491 3877
20 1035 2940 3279 5571 5778 9257 4731 6973 9434 6543 9903 8604 5863 8936 271 4115 9452 846 5433 8401
22 8569 307 2326 4277 7601 8454 1894 389 5703 735 4290 8140 5761 9352 330 483 8856 617 2072 6340 5208 8272
23 5877 9067 4049 3562 9970 1347 6065 2131 5768 3235 985 3759 179 7155 6549 7018 9020 6269 6851 3276 1912 9273 8739
12 7581 5613 3707 7523 5315 2950 2891 565 6502 6244 8782 1800
7 7206 289 6765 4704 7191 1062 65
7 5478 8862 5985 5785 8059 1527 6912
20 1136 6011 8838 5988 4122 78 4564 7332 4763 2101 8347 5739 5135 7728 222 9869 6141 7512 4656 8505
18 9049 758 5505 7781 855 9423 9966 2763 9064 7275 8353 9627 5615 5746 8309 6893 7535 2663
25 1740 7833 8232 7001 2090 3064 5244 9786 3929 3734 4079 8724 6050 9446 7423 2825 3568 4413 999 8661 8857 5721 2020 1944 6662
10 3560 149 1765 9621 4071 5576 7211 4537 8207 9382
12 1622 9719 8384 3656 144 9399 3254 5148 1000 836 4167 2320
10 6686 4702 3018 3852 7387 9625 9042 1500 6984 8486
21 8738 4812 9749 9736 2163 662 4506 9048 4976 1183 3695 4856 9780 1063 8052 6604 9084 3176 4586 1102 6450
22 7820 1552 9484 7899 2196 1172 5867 1476 5096 1712 9470 4487 2588 9855 8400 789 2519 1384 4088 9002 6201 1685
25 2876 2993 7985 6350 7049 1938 1483 6151 1906 4288 8320 9767 4684 7520 3003 5321 6427 1571 3607 1984 1228 1491 730 1553 8079
23 2936 2307 2211 8607 2691 9476 1865 4212 3405 3604 8107 3896 9502 919 2229 6838 9982 3168 3795 380 9845 8876 7045
23 8048 3633 2172 2032 132 5687 7832 6696 5469 2807 9911 3982 3096 5061 3761 5642 8544 9544 8310 7451 9464 8346 7468
24 195 9922 5896 1207 8535 4978 8299 1011 5831 8781 6979 9551 8845 8911 6797 9933 6139 956 9202 9134 6739 2453 9537 9586
25 7917 7611 1115 6507 7093 4339 525 1398 6592 8114 6936 6386 407 5259 6812 6109 3293 6232 3025 2578 156 9546 2551 2393 1123
11 9914 2276 8946 9653 5277 2541 2909 4867 348 6815 7347
22 9350 8942 2843 3543 6127 9558 8623 4991 5247 860 2422 8867 6962 2533 2478 2404 4020 3697 4208 7255 2928 5699
21 2269 4392 5631 2318 9391 3408 5591 7084 4230 1877 1126 5594 3178 3582 895 3784 423 6485 1835 7422 2078
19 973 5130 3836 2964 831 7052 7604 4067 8082 7413 4408 9340 2043 8525 3258 3777 8469 9256 8062
23 7969 4922 4181 9938 2664 6723 7720 3716 8322 1435 7806 8313 2966 6428 4514 6117 5993 1492 3544 4143 2738 1326 3430
16 8971 2746 6349 1758 5225 1091 4813 4479 613 9746 1303 539 9342 9788 4486 8890
18 3503 7524 4432 26 7436 1280 7297 7932 5349 7671 9016 2646 5299 8203 5970 3990 1232 5442
22 748 4691 6242 1378 5485 8552 8043 9745 7973 2545 8849 2575 6347 6508 7486 8759 288 5510 9314 6381 2981 4705
15 3076 4908 901 6514 8131 4735 6958 6035 8234 4868 3536 2930 2107 9192 5892
19 5175 7989 7391 1226 1006 2677 6266 4180 6878 4162 5492 347 8472 1413 7939 8627 8382 1240 2384
19 3525 8139 4040 8921 5676 932 4427 5781 7736 2186 8032 4596 3803 5192 3840 9890 1414 463 8670
27 1446 4509 3945 4393 9317 9334 9326 8704 9942 3002 1074 7170 6837 2833 2749 5585 7497 2340 9951 3874 6457 1757 7438 3249 5289 1013 3469
20 5524 6285 3111 3863 274 2864 3312 2083 1270 7225 1283 496 4322 3726 1664 2883 8614 5012 3334 292
24 8887 1868 1633 8337 9536 1701 5974 5683 5560 8919 469 1793 3062 6510 503 6286 7963 4708 3209 9347 8155 2661 6647 3608
12 3545 9520 5685 3600 7269 287 6363 7299 5013 4187 7909 196
10 8596 631 3634 3282 1464 9523 1090 6132 1113 5933
19 5950 3492 4140 2597 522 3198 8663 6301 7096 5185 6530 4505 3365 2135 4153 7704 4475 9712 7794
20 9448 6631 4568 5953 5606 1454 140 705 5215 7596 2091 2812 388 9479 533 6924 5193 1369 5860 8447
9 7433 5657 9036 1656 7067 1635 9078 2973 2418
21 6124 7349 4811 4799 299 4401 3039 4188 3400 1442 8172 4146 5450 1975 6431 8204 8681 462 5695 8434 799
18 7371 9668 1377 1359 9940 9591 447 4052 8974 351 30 2743 449 3962 6831 6430 7988 4249
13 5850 6273 2814 1003 7025 2283 84 892 830 4593 6746 5907 9487
14 8280 8994 437 1611 9170 2739 5965 6325 8638 6547 8075 8176 9065 5557
13 2873 2628 3571 1082 2848 3380 6453 1851 9115 2136 8859 5982 8736
9 9515 6090 5422 8370 5955 4247 4063 55 3205
25 7160 5531 443 7459 2983 5587 2144 5490 4134 3268 386 9605 5104 8764 3610 9858 5097 9412 3068 7837 5300 66 7209 1348 5990
17 9865 8572 1306 5501 7758 472 6079 5117 4967 8402 113 5948 2838 8458 7398 507 475
22 8013 8913 7565 1823 3289 3140 2113 8255 6621 2823 6948 258 8270 2630 5100 3810 8630 5387 2869 1422 6580 9823
18 6314 2669 9131 4418 7073 958 6236 2088 2945 4131 6561 1444 9805 5025 2112 4260 6634 7342
19 8528 7343 5159 5063 8877 5339 4075 538 6310 974 6140 4516 1818 135 2471 1769 5424 376 5332
24 5416 1374 1408 994 343 5720 7310 5515 416 9793 2433 5796 604 7439 5384 8125 1305 3603 1613 1862 5902 1580 8864 9641
15 9488 5791 7008 828 1923 1788 1706 8929 681 6744 2373 8040 8021 1276 7266
15 4732 9910 1249 4447 3226 8500 9017 7082 3515 3374 3281 6652 4078 2907 7929
19 220 7617 12 2773 7058 3595 1395 2486 9802 9445 2350 4307 8489 842 5554 2143 9156 4227 5256
14 6675 1344 3387 2915 4974 2047 2472 1850 6794 2711 9071 7595 3584 461
7 6960 8217 4460 1555 3277 7808 5756
18 5456 766 4936 3441 1351 9218 2344 8771 6937 1807 4351 3869 3564 4021 8566 9617 6455 4147
19 8753 8948 5265 7472 5253 9056 6145 4620 3465 5281 6619 9073 2296 6024 8737 741 3314 4495 7567
8 4191 9277 1962 3032 2188 3809 8563 1900
21 7175 7938 4729 2786 4185 757 6152 8508 559 3742 673 5917 5258 2699 5830 6947 7329 439 2292 8640 9847
6 6753 2679 7908 1649 9913 342
18 4817 2353 8722 6931 8707 2879 6914 3551 4612 6599 3868 5329 2753 7727 5205 3693 583 5064
22 5035 6770 900 6087 1663 4971 3327 1826 259 9008 8829 2970 2980 3822 6640 5379 350 9733 3398 245 3453 3789
16 2334 1848 9467 1084 1939 2897 5364 3098 4267 5834 6207 7571 23 4839 2260 5782
22 2499 8934 6433 2271 8893 2449 7068 9717 436 5239 8769 4995 547 9973 4609 9385 1069 2783 1189 6316 1589 5377
20 9312 8943 5874 5865 8847 5138 8966 5058 4287 1792 5345 9699 7354 7511 6320 8803 8243 4875 7558 3267
23 7201 2114 3871 7751 1805 1558 5474 5122 6760 3040 570 333 4032 6435 1112 4152 7875 9305 474 4255 2261 9433 93
22 4501 49 7673 8001 1569 1659 5057 6661 75 9609 8678 3183 7675 803 5088 6875 1630 9037 2377 711 6218 7301
19 8201 2253 3712 5848 3969 3115 3576 13 2475 8097 1292 6773 5770 9293 6225 1743 9001 5137 3669
20 6667 6477 6533 9281 7767 6358 1983 1812 9057 9807 7396 6892 7265 9422 2106 8832 8167 8376 2975 4068
21 1375 7390 8666 2200 4725 5883 4252 5946 111 5015 581 5165 577 5997 3247 6711 6327 2781 6493 9038 3199
15 5059 8641 6501 5577 426 5374 5079 1335 2538 2992 1910 8444 3666 715 6865
13 3337 2165 9711 795 6870 6911 3920 4333 3086 5572 109 9864 6168
21 3412 148 1015 4145 3687 5912 221 5754 4943 9318 5288 9295 9919 1787 6695 9559 9511 9406 4781 4353 7004
17 641 6288 5322 5634 8858 8264 6095 9381 806 703 4742 6361 4056 100 2577 1644 5662
12 6869 9703 2606 6246 6073 6650 296 8202 3180 7362 14 203
9 8215 7219 906 1559 6351 8880 6544 7904 9046
17 5840 1813 6 8221 8714 5930 6014 7991 9373 491 9528 4454 5139 8958 206 7041 1002
26 3523 1594 635 9834 3021 6676 7426 3283 3485 5319 3581 3683 4444 3165 8975 162 4619 94 8164 3743 1609 4194 9685 9286 5620 5279
20 3820 5926 9387 9753 3528 9971 4916 246 1462 7669 2933 2522 4707 2811 5151 4110 5448 809 8287 2581
14 8330 7437 9148 5740 2672 2435 815 5691 2387 6410 166 3468 2327 8239
13 4900 218 504 1036 201 4222 2367 8754 2302 6346 7411 6901 6252
10 632 5272 9765 1722 421 8824 8805 7134 8464 9238
18 7168 6099 845 5230 1134 5819 7978 1390 8473 7765 6374 3598 9098 2744 297 7092 4387 6248
21 8905 8053 5652 8453 6112 7591 18 1397 5326 2392 2066 5527 8065 1273 3786 9450 2904 8804 4767 8840 6814
21 3158 8152 3688 638 5718 4160 983 2747 5897 2723 5075 6287 6506 6259 9698 3294 896 284 4673 8869 3773
21 7590 9465 3238 3134 4923 7350 430 5458 9664 1544 9697 7785 1617 3260 952 1125 9353 9904 672 4090 8965
17 124 9567 6569 3679 1837 8372 257 898 8341 3102 1806 2562 717 1066 3739 7555 9543
24 8972 3388 3838 3458 1149 8517 5233 1419 4672 5242 6653 6950 6126 8050 5153 4627 5152 8881 2123 9068 5287 4546 3463 1433
8 8907 8238 8433 8147 3256 9360 1956 4913
25 2816 9058 5545 5854 4091 7044 7083 4820 6990 9 8391 5521 6852 5546 8307 3058 600 9833 5282 6570 3036 5069 9738 8915 4703
26 7855 8235 5937 9811 9380 3265 6464 8076 4896 8634 1155 5643 3660 8031 2014 647 5007 119 7190 4958 7816 5213 5901 5818 5014 2455
26 6400 9885 3762 2516 181 8089 8126 6317 2259 5431 5595 3171 440 3832 2860 9261 9857 2546 7429 394 8085 5060 6698 832 7234 2523
21 4650 8684 7964 807 3286 6233 2226 5033 5845 1969 1021 8014 3935 6372 4881 945 7572 6402 9199 7984 9968
14 3927 4760 3819 4649 2845 6111 6955 4364 9383 7121 3936 8540 2402 1831
18 2257 4968 8226 2724 4057 5280 2059 1274 9154 3942 9585 429 6303 4550 5556 7975 311 2355
21 3526 4563 8726 4425 3099 4697 4000 171 1329 9258 5 4201 7324 2700 4377 3410 6206 7129 957 2442 6946
10 978 4240 1554 8509 7956 4328 7493 4602 5566 751
17 3897 6761 2836 749 7133 7036 2623 4303 4676 1077 2946 2655 5986 5066 620 3341 3482
20 9211 8216 6840 722 5935 3113 5839 2727 1116 5146 850 8757 4743 5608 6835 4059 4733 6971 6222 7916
10 5149 9606 3870 5735 5975 7291 1363 6689 8520 9475
21 8196 6889 4220 6170 5363 9431 4442 9646 1536 5940 7538 3011 3831 1184 1317 8697 8133 8055 2639 5369 6582
19 8002 4530 7834 6603 8777 5942 6335 6611 9095 6796 9862 3906 4562 4436 3219 5004 734 549 6657
15 9522 7539 9454 1951 4803 2273 7358 7760 7026 8248 1420 4435 7861 4376 9349
14 7632 2728 5191 121 8924 8399 4389 4349 8462 9842 9526 1256 1838 1689
16 7997 1636 7235 9577 5011 2469 8592 5109 5928 9248 9468 7545 7607 1027 3821 1721
21 2868 6700 4540 5446 1304 3522 9635 4771 3705 9343 8491 7124 8474 7199 8875 8245 4842 3133 7246 4481 2751
19 868 6890 6817 1961 3723 7593 5918 163 3240 3449 5178 8224 7541 4373 7318 7319 7864 3366 9817
13 160 1202 762 4013 3617 7702 3298 755 2024 6394 9824 9849 6021
20 3730 3922 6470 1247 6154 3652 8162 2692 3243 3242 9683 4065 4202 1854 9164 2999 4895 802 2141 8595
9 8727 6423 9713 5330 1959 6265 1565 6677 7013
19 3223 5960 5311 4476 2073 1318 4448 7822 3015 3854 9221 3548 9949 4382 6646 1814 2150 1178 2082
21 1131 7163 8120 1456 7303 9214 6052 1895 8780 3653 7012 8655 2137 4574 7615 2466 8024 8955 5934 76 5879
20 8885 1185 1680 1327 3755 9032 9239 1484 1 9231 2849 7256 2570 7399 1349 3622 7576 4485 2234 7119
21 954 1935 6080 4042 7836 8683 1238 4458 7721 6986 2974 6787 4917 3594 7107 5528 2576 7585 4914 9505 7561
17 4341 8046 3288 2490 5893 4463 628 8577 8914 4576 6726 6369 5517 7428 3778 7903 8731
7 8730 6177 3516 7838 7902 4004 3654
18 2617 9690 107 3791 2055 9747 2310 8168 3031 6577 2423 528 1334 8045 3955 684 4301 8023
19 5111 7307 9120 3500 6613 579 5373 5455 977 9905 8639 9173 3306 4262 7634 4810 2512 9289 9180
17 3713 630 562 8959 1009 4337 9895 1287 2237 2842 4083 4030 6184 6103 4094 4679 5491
18 2820 479 1367 5931 9766 7251 6748 8084 1903 6187 1262 6217 4860 7127 6017 7452 6583 2881
14 3491 3132 4581 3800 8355 7500 5337 7521 8292 6438 4421 241 3530 7380
11 7678 5936 1533 9108 9892 7965 2941 1550 6098 8187 7609
19 226 2098 9507 4127 2019 5325 1824 3227 4754 308 1749 4773 5496 8559 7116 3364 6237 2797 982
20 2038 9309 9024 4951 5125 5894 6500 5814 5318 8389 7023 9066 3091 434 384 303 6216 8379 5998 5161
20 3246 3284 5398 2103 9129 1909 1772 324 7031 6108 6949 6683 5421 1977 5668 7692 1883 849 2180 8615
13 6687 0 4133 5202 5886 1440 2166 3414 9265 4206 2952 5400 709
18 1950 8625 7953 9650 1055 8350 3558 6834 6788 4073 6709 2278 9549 7994 5636 3157 3160 7701
19 9034 4700 7017 5629 4218 3787 3932 5949 4660 4573 8894 8536 5919 4309 6186 922 934 2967 6615
23 1615 3741 3218 4622 2010 4553 8451 2592 7563 4257 1669 404 3996 5843 6801 4089 3371 775 7569 2140 646 5777 5017
25 5084 9931 746 2210 3042 962 5696 7831 6194 8755 4768 7050 2391 6130 5898 6628 6866 9161 9851 41 7188 5507 6649 7580 7444
18 5078 5423 3310 910 616 3128 2227 7382 756 5677 3088 1016 2963 2181 8664 6579 9485 313
22 6626 2491 5471 1195 4844 2218 255 2125 8479 6436 1678 6027 276 7910 9730 9582 3197 6804 2313 1160 1774 3119
19 6227 9999 9614 8044 1158 5051 2342 9338 7233 6528 8828 2242 3502 4238 3972 6536 8637 164 6333
16 5110 1242 5044 9259 8770 2494 2371 6769 7972 8144 7499 2357 381 435 1755 7647
16 1730 6828 5296 7766 3026 7577 3824 5378 6554 6123 823 7884 8412 1884 1046 2324
11 5573 8957 323 8931 9540 2518 33 8651 2092 7270 355
24 5286 7705 1452 1677 5697 2280 6701 2929 8386 8735 7660 9086 6028 1073 5786 42 9946 1236 8448 2912 6476 739 7463 2074
24 7771 1213 8490 4157 1128 7772 7427 1703 4692 5209 2161 3285 2282 9979 38 7925 6408 9647 200 8671 4525 7323 6198 4986
23 4719 1549 4399 4445 9878 4716 4631 8132 9331 1400 9622 5489 184 5822 3056 3806 9440 7060 4437 3855 6645 9341 7891
22 8443 7283 948 7146 6624 7526 7151 1696 5570 9169 7378 6092 5236 4051 8366 1593 6718 8338 8979 6618 1637 6571
25 5542 8267 6702 3035 794 2169 6991 1764 679 9797 1991 2054 981 5823 5755 2708 7897 8149 8219 4536 5866 9830 7366 843 1282
21 5987 6311 7906 3631 1093 3497 1919 7800 7892 4579 1358 6341 414 2532 356 6694 9846 7877 4653 7457 7245
15 2487 3644 3860 7713 2133 4769 7218 1296 9455 99 6590 367 9083 768 649
12 3711 792 1472 8582 5461 1092 2608 9814 7478 7880 4469 4661
12 1083 1356 9374 2615 4261 9269 4403 7015 3509 8792 7574 6885
21 8900 9390 7166 2138 406 4292 8137 3305 1259 9596 4272 9197 28 1606 1029 5396 9584 7292 9996 9705 4467
25 2029 1881 1495 4197 7289 1653 6342 2255 3244 4 6401 9266 3561 9659 9843 63 4368 9695 9275 4080 1079 3167 8902 3073 6002
15 923 5174 6941 3151 1291 4226 5385 1821 6658 4214 3373 5535 5241 3606 1104
22 207 3184 2185 7881 9172 7404 6158 9384 7752 5972 5344 5284 6516 4280 4590 8484 2056 8213 3770 7135 6967 3381
25 4961 2529 1120 3780 4018 8898 4865 7138 5147 2349 6496 3192 4434 595 7659 3635 2452 1535 19 2720 3816 9429 9696 1729 9030
19 6935 8762 1958 7731 4186 1156 5024 1846 4151 6598 1133 1445 1337 9041 9689 5624 7099 700 9121
22 7851 7878 2007 3287 2847 2094 8295 5418 5115 7313 788 7240 2705 5129 334 127 1830 4507 1101 8956 9319 7325
22 1385 5599 5891 1380 7959 3214 8183 2962 6396 2779 776 6352 9500 5428 7827 1253 3572 6607 6805 9752 3640 2382
14 3517 7059 5596 2130 3985 1341 9210 8398 4019 5177 8095 7583 2758 211
24 6632 8423 3637 7311 465 4492 68 594 7859 1278 6421 9223 1631 6679 2832 4794 2520 7554 5713 2385 523 6842 501 607
15 3771 5224 302 8106 8874 5979 6107 891 6790 7966 9639 5601 4228 146 4404
16 336 9336 9831 7667 2155 1486 8580 2844 8117 8317 650 4025 4211 606 9550 6672
20 8365 2096 6258 6997 3346 1404 7725 188 8404 7896 294 9877 8570 7560 8752 4472 3333 5887 1227 1192
25 1089 7509 2914 3987 8897 6492 8178 4846 9977 3383 7032 6555 654 6998 5195 844 9529 6551 2524 5482 8557 187 1777 5426 6839
21 1704 390 9850 8008 5682 1212 8606 8396 8482 642 5869 8696 5667 1219 17 1058 7817 5090 8675 1100 3147
15 2951 3956 6118 3143 9798 7774 6972 7529 8812 8351 502 9952 6752 6909 4938
12 4023 3626 8879 8374 7723 5964 9220 3206 5533 5141 9252 513
17 5412 3971 8612 2586 7257 9432 3591 1901 9059 1180 1234 1061 6444 3540 3066 3394 5201
20 2620 8789 625 4956 6468 7672 9149 5420 9758 2574 2434 9901 2511 2681 9104 1833 7602 6392 9272 8477
23 6918 410 2554 4695 247 6490 7744 5257 6732 139 3234 331 8005 7886 9302 7128 261 1298 9581 8728 6537 138 6879
27 2890 1173 4918 6461 1137 4268 4484 51 2683 1953 9958 8790 1618 7853 9222 413 8056 1960 8853 4379 6338 9282 3105 7901 7224 1489 9141
23 5010 8503 3347 1966 7054 2821 6844 6847 6943 4688 4438 2871 3706 167 7046 9863 1528 3067 1267 3629 9992 550 1005
15 7482 3507 6306 912 8427 6449 2792 1924 6798 975 568 8529 1480 5356 4300
19 4239 8080 7586 9329 9201 3255 7079 9076 8142 8387 450 2678 7743 4637 3958 2293 7174 9362 3044
16 8349 9887 3931 7789 9796 1225 8218 4862 1506 619 9280 427 614 4420 7759 2171
11 4325 5435 927 2192 9740 1905 1735 6058 506 1734 8277
12 5067 424 9521 1728 5251 640 5747 4975 6928 309 2788 6039
24 5331 8275 7215 590 4538 3837 411 2725 5388 1588 1096 1361 9516 4294 4543 9989 7016 1138 5335 3420 6133 2543 3393 1771
18 5618 6606 7649 3514 5173 5274 7051 9145 9307 1847 1049 2369 3296 9672 2436 6076 493 833
20 4755 6153 7228 3386 731 1641 9663 5073 8058 1059 8836 7852 2889 3506 3668 3005 4815 9495 3425 8179
21 2202 1619 9993 7115 3903 3702 3642 6088 5927 8982 3628 6034 6894 1188 7711 9670 8795 1605 5899 3790 9620
20 5916 7983 6322 7182 5876 5494 4904 8676 4172 7544 9518 3320 4076 4535 7137 7104 1111 2008 6757 4689
25 7304 73 5760 1088 7976 2976 9332 8751 5022 5506 4183 9074 6231 6668 7470 1308 7532 9216 7243 5766 7494 5409 4130 6670 2335
10 2579 4983 1425 2312 7733 4471 1277 3557 1568 852
25 4192 480 1288 8311 7335 3857 4662 9517 2289 7408 609 2553 7970 3013 5447 5641 7715 5793 7928 8449 718 9128 9045 3775 2270
21 3087 7559 1731 9215 2322 3883 9791 9413 5207 5316 3995 3419 2582 9356 5145 5227 2316 1311 8575 5711 4749
23 1829 955 1191 3480 8022 653 796 6576 8997 470 2925 8242 4618 7488 6951 2932 2934 24 9345 633 7448 8806 4594
21 6371 644 8648 797 3665 6721 6467 2638 6895 8422 3917 7945 8108 328 417 2217 9720 8713 7372 697 7379
22 6623 5432 7057 5449 4338 7252 4311 3890 8522 3376 5789 7835 745 2757 4853 3988 6220 4826 3531 5663 2061 8373
13 9398 9759 5563 1087 1210 56 2866 6627 6906 6660 3353 5267 9504
14 9932 6074 6323 3928 1343 7152 2286 4015 4927 5568 2050 3614 2986 3092
13 548 5659 6644 7898 5119 4417 9157 1071 5497 530 7357 6403 2338
25 3884 3978 9196 9461 4929 9552 3415 4905 5401 2734 4610 4082 3100 3814 848 8037 8649 9742 6780 7430 6742 9561 8629 141 1693
21 1713 7568 3825 8837 451 8151 3106 6211 5131 4534 3144 2721 9047 8689 8906 825 8425 69 8274 6969 3772
12 5414 3914 3014 2408 4243 2430 5612 9598 7911 1269 5799 39
21 3125 4189 5973 6060 1982 6867 6881 2022 2191 2262 5805 5026 5085 3678 253 9254 1866 1620 4792 4642 4048
21 7623 6872 669 2410 4269 1760 6637 3448 197 8815 2534 4681 2621 2057 4386 7553 8302 8694 7117 2235 6125
27 3440 7204 4315 5661 8414 7954 5002 3301 1312 9656 2027 6588 5800 4765 988 7447 3075 2918 6047 5105 6304 2742 5602 8521 1723 9684 6799
22 6690 60 2697 8594 9776 4678 3407 2689 9200 2985 3074 8457 8393 4391 6671 8004 5660 489 4882 6784 8652 4666
15 9530 3643 6781 7056 9978 5509 7030 9085 468 6135 3442 9255 2641 4981 5500
18 3153 4726 9608 4683 7173 4926 9389 7517 9961 5413 5833 7369 8256 7658 1608 7815 7936 6067
22 1107 3899 176 4641 9227 6595 6294 879 8515 9527 7639 5429 2654 4086 1766 8208 5114 400 6023 9761 5743 7525
29 7185 7826 7603 8371 5647 5476 4592 1624 8336 2182 6057 9010 4998 2034 8358 8223 158 1762 2071 8513 3979 5727 8642 921 1222 2352 8945 4062 5991
19 4671 7376 9764 7484 312 9051 3661 7652 3297 7495 227 7339 6296 277 3632 9557 9165 6562 8768
22 2650 4861 2170 5294 5333 4210 4728 6664 9597 1187 5980 4814 2798 5795 7063 8418 4571 6228 7690 1864 8823 7150
20 5873 5248 4883 2441 2409 7268 4118 2456 3179 3766 6055 1321 7262 6274 9662 1867 5717 4677 9481 6029
23 5707 6193 8279 263 8778 7597 2595 8701 4670 420 2701 9997 5621 7664 9900 8514 6486 7249 5189 7020 6871 4866 4583
8 750 7458 2030 180 8775 147 6729 7763
20 1744 4779 3586 4909 7977 7888 4216 8455 7165 101 4508 3004 8977 2406 2065 1995 6119 8328 1407 1660
11 5275 3033 5065 1052 8519 8677 3335 7828 2258 2660 837
14 8558 8685 8861 9637 1602 1887 393 5637 1522 3658 1481 4161 4796 6399
22 7264 8501 6212 5944 5370 7161 3892 5625 9162 2458 5580 6343 3034 4831 9524 3511 7229 4494 5808 1220 3050 990
22 5190 3349 70 8947 2175 1019 3719 9669 3844 6175 3944 6495 6810 7740 8288 6886 7620 3329 8086 5920 9729 1980
12 5828 316 7393 7189 8658 1546 3142 1503 3513 2245 1970 5070
17 8744 8716 5047 325 3812 8941 2421 7621 4009 3881 4184 1986 4585 9313 4888 993 459
13 4818 4451 3460 2189 7734 4179 6097 7071 2012 8383 6656 4948 2867
22 784 690 8884 2225 3455 7416 7184 1841 9358 9783 5126 2978 9519 6174 611 4935 2566 3655 5263 4907 9015 2315
20 5438 8441 5434 6518 4783 3959 3273 652 6635 9415 1214 6891 7449 6472 6887 6654 7186 1994 9497 4072
23 7105 8269 2815 1892 5020 6573 648 5806 1007 4611 5581 810 7258 9812 345 373 4533 3900 3017 9140 9182 7931 5417
23 2427 4474 5536 6241 4374 7405 5499 1118 9438 6015 4837 2877 4791 4431 7308 875 6785 7465 3051 726 374 4104 2467
23 1574 2878 4996 6113 2361 1822 7402 1295 1581 9427 4864 6166 6447 1231 77 2201 1780 6383 6724 4544 2480 4285 377
16 6524 7487 4041 6148 3012 7441 7202 8541 298 9301 5969 9841 8158 1040 1176 8953
15 4116 1086 6944 587 295 6439 9781 9937 4510 6988 110 7061 7918 1193 6641
19 2953 8949 535 3589 8069 811 8891 205 9014 5787 3801 7412 5922 53 3195 7055 7703 8253 7764
10 9726 1336 9198 707 7825 1576 7221 1427 7110 6307
10 6010 1022 2666 576 2028 1926 777 5914 6104 5649
9 418 5198 4296 1646 6933 4941 495 1332 5306
17 2750 4545 9290 9569 1698 3488 6499 4419 7755 4166 8969 3156 1674 8588 4139 1697 2415
15 603 5669 8429 5046 6063 3994 136 7863 1661 2011 8442 4646 4473 3885 354
25 7 182 1350 9396 7700 953 3535 4316 4752 3423 885 6564 6146 153 6040 7745 9009 7475 5440 3849 8698 3807 128 1897 2548
8 9693 3081 2437 7377 5252 174 7239 3904
12 4557 1974 1763 8537 2215 1463 8329 9274 856 91 3615 4772
20 4640 7374 8211 3749 1216 781 3046 3452 8380 6841 6183 3744 3037 6557 569 2949 3817 5868 4302 708
14 6766 438 3887 9700 7300 5705 5742 7192 3937 1888 4601 5751 8758 4066
17 706 5578 2550 2767 5772 4175 2496 7866 5278 3549 3047 4630 9477 9226 6902 4111 4843
10 1858 5003 2238 4750 6610 5320 7942 346 8578 8766
18 44 6520 9721 5504 2693 7818 4808 3109 8734 8381 2317 7200 882 6404 3188 8786 5712 3362
18 270 2830 7476 8319 6289 1085 7518 1925 4963 5000 5298 767 961 6202 1494 5967 8506 2790
26 925 8499 869 7951 8674 737 5543 8527 7718 6249 8998 4745 1025 1759 8436 7492 198 1167 4155 5890 3426 3057 661 6279 4331 2132
17 7625 2822 234 398 1732 2158 6482 2035 3641 4456 9124 9040 4519 1954 5081 1626 779
17 5549 7489 7968 3478 7089 1614 3627 8141 1820 736 6673 915 9607 1122 7340 4829 9421
18 8633 7784 7460 9955 944 5342 7839 4952 6256 1670 765 8851 2507 5087 8229 691 5112 9022
21 8497 2865 2794 8375 764 2594 7974 7776 8920 6070 7431 9105 5229 363 3472 1978 6786 9035 7787 6013 5837
19 4022 8278 8185 4215 3344 4626 9509 2703 5365 4381 8621 4055 3103 519 8104 772 168 1752 6321
13 4488 3207 2347 721 2517 558 1946 8496 6044 5406 1323 3833 7464
13 1258 6693 2880 3975 6487 9451 368 7483 9306 3090 7162 4709 1415
19 4178 452 3028 9532 8710 675 592 2855 8460 2685 940 2333 2690 6309 8699 7040 6965 6818 4877
8 7992 7600 1562 9217 3094 8452 5226 157
17 1540 7696 2287 3781 1293 7641 7410 1973 574 3215 9768 169 4171 8190 4109 8892 3475
23 4271 8802 8321 5753 8430 4723 2249 2752 3520 4517 8999 134 9692 8495 6754 1943 4148 5028 1992 5516 8631 9151 3054
14 165 2502 1038 4273 8405 6143 4559 9514 1441 6639 4327 5304 3993 9513
21 7038 3533 5232 20 5672 1001 8397 31 8589 6443 1468 3577 2549 2365 4342 9691 4502 6329 9744 5466 8035
21 3889 2450 6717 3120 4320 1161 1927 7409 3676 4774 1719 9155 9964 2506 273 5089 6160 8686 8882 560 9735
13 820 3724 8394 3909 1265 5430 2603 4028 5678 1109 4756 3623 3403
16 2002 1662 9792 2609 6494 5068 6612 5812 7642 3304 2193 2013 8788 6775 7048 2482
19 2824 526 6390 4886 729 321 7112 5508 327 8488 8553 4182 3444 6822 8868 2675 902 8826 9920
24 3954 8825 9146 7467 2922 9644 1497 3330 8186 7454 5249 9727 941 7139 4304 3457 9137 8128 554 6836 1725 5473 7712 3466
23 5884 2671 9909 5293 3080 9351 1928 8409 1990 9883 1490 9772 5283 2222 9618 1448 190 7557 4034 7693 8585 9912 9631
23 6586 4542 9061 1573 8122 1642 5098 3001 4367 3980 793 228 8794 4809 7462 48 9626 3435 1215 9595 6587 2622 47
24 6964 204 2610 818 1547 4142 6384 6691 9604 4199 9063 7995 7132 5640 1904 3079 3764 2432 9974 6706 4873 9011 9981 3921
20 3427 2888 2100 5029 7979 8554 2372 7530 712 349 3519 7279 80 3680 7230 8555 7709 5783 3826 2126
19 7157 5048 6405 7986 3872 7034 9986 8756 6391 4551 6728 3272 4552 5716 1845 6305 3859 3326 3601
23 1691 1808 4354 7356 3000 7238 5644 8110 5846 6209 9212 8354 4572 6926 1590 9125 8175 7768 1843 2919 9303 1412 8667
16 3504 5653 5776 1418 5368 5121 2157 7345 8205 8344 3363 2403 7640 4648 7346 7193
13 532 2908 1254 8618 8352 5774 366 4604 9624 1246 3196 1873 4170
21 5842 2764 9025 5592 6919 7223 9531 605 1654 1859 2005 4465 3348 7094 8388 4625 4112 9503 5237 7874 9139
15 3324 9123 4348 1174 1147 4402 5673 6968 5956 6037 2099 2851 1475 4615 8134
21 5588 5264 3612 5361 976 7481 8461 5832 1487 3280 3186 1411 9122 9491 6180 1775 8342 92 8801 7456 2167
7 9803 1095 9660 2503 2177 3580 876
19 6976 2564 5312 1439 6795 2301 4897 9590 4149 7930 486 9762 4722 7293 57 5218 175 2184 7010
19 5266 1801 251 9770 5811 9750 6860 2647 5062 340 7421 3152 3236 8586 5686 7548 1595 2601 2390
14 5144 8364 3264 5179 142 8047 2569 5638 7195 6239 7263 7434 1564 6426
23 8230 7395 790 8019 759 5664 7337 738 1279 6144 5397 8608 5216 7919 4168 5945 2473 6710 3605 1627 2426 9031 6498
10 1080 9921 2926 3302 7100 9818 9953 1339 7368 5769
19 54 4416 4054 5273 888 471 6585 3670 1144 3131 9755 1600 6082 9230 2991 3257 9820 4450 2220
13 9404 7950 4531 4962 3619 9126 2197 5989 6725 281 2212 268 7381
19 6768 8222 1898 5390 224 4103 3505 3023 4518 3769 3624 6617 1548 1782 2801 2095 9856 492 3851
16 9099 2709 4955 3998 5204 8478 1103 4950 5353 2489 2572 5018 4984 2275 5996 4836
14 4793 1290 3587 5246 9492 2168 4740 1405 4253 8703 8784 6942 1430 4196
23 7980 3275 9499 840 7783 3431 6315 3898 593 3019 5762 1940 2388 1566 4453 2567 2465 1170 102 8323 9679 671 7415
23 1157 6368 2337 2544 1987 5162 2987 1882 5750 3677 9994 1391 9428 2789 8064 3815 9675 7685 3585 9538 9564 9751 7876
23 3456 5037 8174 8070 5395 7485 2698 2612 7216 6281 3964 1482 1401 1567 9285 5648 6783 3200 5324 7118 6903 4031 2297
23 8012 1437 5348 9545 7937 59 7946 9773 7074 16 3983 6535 3095 6666 5905 1124 5196 335 3649 5358 1512 248 5437
17 5726 9069 8923 1972 9354 8507 2819 7432 3981 9708 8899 4144 7993 4233 2605 2240 7823
19 7519 6348 3588 6479 1570 778 6830 3700 4462 6195 4738 2199 8568 3895 6957 8271 2060 6293 6630
20 1244 5555 4242 7002 5646 6016 4982 5813 5223 6440 7247 2459 7443 7797 6395 1543 9707 4511 212 9613
13 2363 1545 7722 5550 7280 7944 3078 9825 3736 4761 553 5809 1738
7 1577 9005 240 4578 5767 9377 6418
19 5454 9294 4308 6917 5538 8613 9827 7087 7845 3926 3882 4669 866 6114 6142 5445 5654 4017 4717
24 6084 2223 3041 9829 9573 82 6257 4504 5623 4459 7424 9147 1582 8476 7695 725 5199 2571 6004 8118 629 4966 2893 2927
21 6278 5269 432 2659 6792 8581 6005 8574 1362 2707 7158 798 2826 4306 8406 2651 8445 9394 2982 9171 1942
17 5493 5399 926 2463 8467 2069 4993 9193 5513 5564 4346 2696 6101 3122 4347 4652 527
24 5961 3698 383 5798 980 170 6185 6782 329 3093 466 5645 341 5617 2003 4715 5681 2923 771 7957 2036 3311 1211 3740
23 6419 8251 6364 8740 8556 4753 4522 8 2827 8206 1811 791 8109 9091 7694 3767 6466 6182 300 7207 5465 4872 3793
17 4321 3880 9580 291 9542 2425 8944 2514 509 6531 6532 9976 6424 9291 2464 6121 4605
15 3934 9854 5731 4446 3110 2509 9555 4606 4570 192 1648 3343 2346 5176 7882
24 7241 5749 6665 4120 8538 1467 9936 9493 2331 4946 1802 4589 1832 9240 6915 9655 2356 8787 9207 6188 9623 5757 2748 3708
18 4577 1726 3965 6191 9661 3690 6046 5170 4548 5197 4647 8026 3918 4915 7314 4355 8901 415
11 8712 9891 5616 2862 8870 9638 9287 6339 1223 6041 1949
25 9088 2070 1473 6260 6271 6445 4295 3715 5203 7801 3290 4598 8834 5357 213 3674 3008 8742 2784 8435 2828 8653 9109 2900 1299
15 995 2448 571 317 6204 3399 243 7895 1382 1447 5719 753 2585 9370 1803
21 5745 4383 4424 4790 6221 5633 36 3447 9494 1517 9204 1739 6224 4169 1819 6240 8116 9401 6189 1625 9702
19 6330 3727 4823 464 8327 6789 3853 7748 5346 2067 968 9741 1915 6826 8010 7471 1908 5359 1634
16 3367 5723 8130 787 8041 8153 7819 7777 8051 4639 3375 3541 7889 6877 1521 5994
22 7688 5688 2221 5790 1300 2389 6214 1044 7469 4513 3071 7841 1068 785 4547 4665 1054 4713 6012 2366 2972 5001
23 5775 8333 3792 86 3559 3322 8087 9253 4541 185 6876 9667 3878 2863 4464 7592 2162 2075 4687 1784 2787 6484 3798
20 3048 2704 2806 8331 9756 3684 4097 8860 2870 7386 7905 7947 2716 6429 117 7612 1511 3138 2233 9897
21 3733 7681 702 8939 557 6417 8424 8888 269 8369 2481 344 9535 890 5102 1556 2774 6199 4724 4643 6031
16 3941 5254 7533 6049 8810 2001 115 6823 7367 1039 8262 9654 3875 6526 4245 2885
17 7450 623 431 5547 2813 3126 4751 1018 1957 2328 1209 7171 3203 3190 3966 8194 6864
26 7589 9339 5407 3224 7714 8468 9168 9615 1890 5419 7144 7788 4229 9984 7885 2446 9534 6854 8746 3471 7442 9466 6172 3779 4293 908
9 1153 3638 8282 6954 8017 4736 3253 7226 2937
7 6022 1190 1366 2943 2265 9142 8773
16 7522 5859 9486 8986 9562 4380 2440 1094 5271 7952 4659 5861 6749 1142 7900 4141
10 8611 8866 7183 2540 1510 1929 9119 2736 7024 6596
15 9178 9601 2243 3850 1127 9365 7147 8904 9888 9965 208 1601 444 1309 2556
20 7053 4310 9097 1139 5666 1514 9589 6481 960 3175 9174 3597 3554 8983 3592 7893 4053 2796 8711 9576
13 4483 7261 2894 7336 2555 1028 7646 4999 8822 2044 5113 7913 6633
21 5030 5895 8123 3313 8690 262 1354 2120 3357 8096 2396 9908 9324 2381 1583 7159 2009 7088 5285 8783 4532
23 7756 9184 8265 2134 5270 7670 6210 6992 1798 3336 6334 2872 3567 6157 3834 2527 8776 1416 3445 8191 3384 7686 9478
24 4193 7348 7214 2329 231 7753 7295 4785 9371 7400 602 8598 8456 5943 71 1315 3208 1557 419 1346 8042 9276 2829 918
13 1076 9243 3886 1479 7011 9430 5551 9775 8567 1159 9716 7401 4696
24 6355 4129 1060 6994 6458 6685 6509 129 4237 6147 3720 2400 8565 1108 6774 3948 8362 2531 3170 655 3732 6393 2399 7804
12 4972 89 1952 2194 4498 1621 5290 6238 445 9628 5212 9934
21 9206 8908 8091 5714 4987 4898 371 7131 3434 2656 3864 191 8060 2619 6091 9822 1313 5477 1406 3146 15
21 664 7676 4203 3611 6448 6715 1488 7719 2637 7514 2370 6846 4466 6454 7142 7858 4980 375 4969 8225 3901
24 2968 9568 7814 6853 3043 3417 8083 5470 3718 7305 9873 4061 1673 1753 2266 5951 359 6861 9725 5744 8146 6849 7196 3746
13 835 3204 8765 540 7584 45 123 9245 5529 8408 3951 666 2910
16 1708 2625 6250 3620 4554 8927 6959 1936 3694 9414 2290 3392 9777 1815 7862 5182
13 446 7739 5362 8332 2604 1164 5118 4457 5436 7981 9760 2573 992
13 4931 667 8622 5415 2321 8808 441 9271 1786 5968 4378 7309 1676
23 4095 971 6136 8636 2411 2840 5900 4701 1638 1665 7618 6432 9957 2325 7786 7798 9634 9310 585 497 853 8940 3866
17 3063 1507 7039 7035 2492 9990 1284 5910 8709 2759 6100 3187 6456 8157 3596 3325 338
18 6934 8124 4795 7996 391 5108 5157 8561 1998 4632 8518 9003 3830 1386 3270 4207 8290 7355
23 3350 79 6521 1410 9117 5142 6827 3943 3681 8385 1026 5328 2378 8706 1229 6072 4885 3616 5598 9947 3418 2706 8028
22 4757 7338 5460 4778 6750 3259 2097 4680 6460 3070 6373 7027 861 9021 6344 1520 7198 5381 7445 7232 4863 2802
14 573 1114 4275 5276 7706 5947 4616 4960 7113 6922 1010 1263 7941 5885
12 4600 4556 6051 5376 8700 2454 3248 752 236 8303 769 9158
22 4599 9648 5939 9677 265 7126 4236 5604 2643 9826 4312 3352 1675 5488 1934 2483 6069 986 3542 7687 2809 7811
23 1694 966 4841 7496 9906 2886 2795 3252 5752 3150 7644 145 5206 1916 7003 2769 3555 1794 8747 8644 1250 9838 3753
19 8818 1285 6993 5821 488 5728 4361 5056 478 3217 3389 8871 1197 6282 5086 615 8962 9563 2079
20 1478 1403 7042 7375 566 9898 3609 6489 4412 8483 6791 3300 4524 3155 3768 9081 7657 7477 599 494
22 229 4759 3664 1948 3911 7244 8249 2339 2775 2616 4254 9006 1117 588 6807 4428 9680 4959 3579 6409 193 7843
19 143 9439 6441 4005 1141 9241 7095 9437 4468 555 8732 4621 3161 4910 8198 4200 6987 4113 7208
23 9794 9296 8138 1931 5410 6978 7315 1383 4859 7388 4797 7022 6525 5722 6276 551 5336 1465 2536 942 6473 6966 3566
12 8723 9771 4286 7111 1360 8411 8090 6614 9868 8345 2657 8973
16 2488 6302 5443 5334 3804 9787 8197 1268 2195 822 9959 5518 2896 9935 1874 7109
12 8276 5439 7943 5586 2858 773 4934 4973 2686 4869 8984 6208
23 9599 6534 5055 5408 2755 3369 6388 1379 8626 534 9189 6684 8702 5526 5925 1130 2510 9757 2026 3477 7840 8816 8831
21 5784 9417 7290 6365 3097 556 8863 9560 3728 5736 5128 3379 2063 9553 3118 3024 6048 9610 6809 8996 2954
21 3020 3797 392 2117 3189 2294 7955 1720 1129 264 7854 6688 5487 2674 7872 5402 9806 761 9133 6523 7490
25 7181 1575 8797 5825 7527 1150 9489 4945 6589 4422 1797 8145 1964 9603 3499 8318 931 9386 3546 4706 511 266 4807 98 6159
13 4108 9956 8156 5857 4124 4350 8839 5302 454 6411 9861 9954 719
25 747 4580 9918 2658 3464 4251 5797 5609 4265 7697 2965 8741 3241 6328 5217 4190 7775 2364 5235 9166 3239 3029 4205 3370 2935
22 9443 9013 8260 2839 8480 4324 5463 8006 1795 5826 4721 5589 2994 4638 9242 88 3411 7710 3409 6985 4195 2737
23 1426 131 3848 7795 2251 4925 2354 2443 6651 5468 2733 9379 1389 46 5186 4527 9852 3692 159 9819 7364 4664 3149
15 1878 9203 9960 685 2493 6229 4994 4010 21 9279 5671 7990 3527 2207 8072
17 9525 6291 8363 9860 2627 2308 6568 4567 6594 5871 5327 8571 4414 9364 8854 2187 8368
15 8000 7844 4674 9715 2726 9848 1171 2636 6110 5856 7373 9262 403 7654 3974
18 5788 3274 1809 3172 8119 1043 1751 1736 4126 597 829 5338 7754 8895 6740 9743 1930 6550
22 8964 4363 2376 4241 5607 2064 8305 2719 1148 8487 7419 8657 4114 7033 8635 1241 1438 2735 2695 9731 3220 6825
15 2902 6032 8078 9176 6465 4911 3835 8647 3563 9643 4329 7566 1968 1560 5847
15 1542 3745 6093 1705 3861 5355 9028 1162 1519 4225 3758 7846 3646 6538 9116
