29 2936 4539 7050 6920 1333 6799 4620 8473 8973 6789 4656 4207 4676 4851 805 6367 6085 1548 3194 4857 313 4275 4066 2836 5886 9967 6580 6622 5296
26 592 8240 2119 8953 2731 2422 2483 9536 4968 8720 2407 2312 2245 4546 5689 5297 3392 3647 2233 577 4543 1807 8432 1241 7719 6676
33 647 7837 8290 4026 5809 8981 8738 5286 8449 4216 8570 1565 2229 3525 449 9616 1314 5766 1908 3603 7062 7784 2176 45 4057 2769 3536 8530 3722 5323 9585 3556 4521
25 5921 8683 1270 6327 3459 8648 3358 847 7646 5799 7003 8140 1918 6670 6552 1630 3364 7462 3777 929 3452 6416 3702 8833 8001
28 9403 4594 2329 5936 4884 2284 4932 6333 424 4742 1161 2108 48 2842 5347 4823 4657 2735 7743 466 9166 5112 7890 5520 676 5307 7840 5084
28 2786 7608 8270 5276 1686 4342 9171 139 1645 8034 9513 7171 8761 9919 3835 7419 6531 2679 4260 8205 5952 6463 563 5945 7249 3680 6049 4858
31 2681 1801 8522 1634 1628 7933 2934 7862 4024 2676 7710 285 3343 6376 3377 8675 5198 9057 6856 4938 5277 9058 1824 3216 1976 7458 7667 5368 7464 9241 6244
28 969 9505 120 9934 9253 9225 4899 4604 8800 5186 3125 4727 5477 6836 109 8989 9051 6357 7955 9885 5046 8207 3044 2418 1913 3696 8471 6286
29 470 7997 9607 1540 8749 2784 8136 6131 3924 3255 6232 3928 7271 6345 4855 9334 1176 7068 4241 7555 9960 8835 2640 1737 1239 3267 3558 6616 8381
27 2451 5033 9296 9580 651 4664 2597 346 2002 913 3085 2307 2110 2125 4148 7953 6060 2355 4497 3215 9168 1599 656 9806 2252 4976 43
29 9556 4690 8774 2938 8712 1337 6116 1384 4863 8537 1450 2949 1353 6692 9177 7258 8814 9871 6918 6225 1082 3831 523 256 9612 6032 4788 9880 1203
28 5255 5690 3668 6833 9679 347 6917 9597 5929 9783 361 4149 8713 2237 4603 8826 594 9908 5028 4058 8595 8286 1100 1758 3259 8790 5875 8322
32 8392 7593 9423 8272 940 2927 8252 1979 5264 2733 6695 9276 7184 7831 5947 8915 3010 1796 715 8917 2055 63 4935 227 846 3914 6374 8237 343 2644 1707 8441
30 4131 6055 7968 6068 7602 9924 5319 217 7034 9386 7027 772 4847 386 245 8338 5265 5442 4002 8067 5133 1466 9662 7448 7496 7014 8766 4001 1994 3625
30 6441 2969 6184 8146 7617 2884 2612 1755 5616 1940 3046 8119 1391 6861 3437 2666 2121 5411 6385 1693 5278 9351 8315 144 766 6407 3620 3746 2853 1895
29 6627 9404 7903 9912 6828 2383 5722 176 4405 1823 8534 6807 8051 2979 4276 2617 125 1589 5694 9660 3341 3155 5097 9804 128 9304 4639 1854 7202
26 9154 1791 7322 6921 2627 1475 6477 7716 2492 7428 440 4756 3609 1642 7213 2255 1549 4264 688 3968 3534 6262 8746 7668 9936 8349
29 2894 8744 166 7106 6569 2376 2366 7057 9875 1426 5594 4103 8757 6432 9845 6735 5913 6707 4898 2943 5508 2150 5756 3551 2963 3051 5066 9462 1151
26 2507 7861 4973 77 4608 4242 3658 2898 7350 9509 1169 4328 4883 2893 2502 7195 8728 3887 2734 1833 1566 1278 6046 1592 6551 6854
29 6835 4526 3202 5805 8077 3614 4705 9680 9605 2112 3728 5199 8942 2348 8882 2413 4294 4293 7037 2078 9006 2698 2557 5669 1499 6504 873 4969 2274
26 7641 2850 3800 427 6782 6273 767 1180 6984 8291 9066 4226 7001 2171 916 9029 400 4694 9155 1330 2186 6005 8277 6816 4722 3439
31 9604 578 1678 7970 9170 1529 8647 765 7067 8580 5636 1886 2708 3978 4011 6892 781 9012 2522 3336 6764 9890 7395 9039 7744 69 3331 8257 7915 6205 7405
30 6491 4712 5092 5536 2991 8101 9496 5034 4725 9337 646 1598 274 3220 1034 8448 9231 9203 3212 3683 4768 6683 314 1365 5263 7992 8072 7327 3587 9781
31 341 5361 1607 9947 8302 9945 7391 5143 3967 4653 2564 3820 6384 1122 1294 2944 6429 3415 8260 8262 6824 4370 8057 3562 9591 5209 8693 3405 4126 7960 7483
27 7774 5280 4590 5985 1939 9686 8622 1605 1116 8331 1845 9169 6282 8007 3284 3131 933 1435 6312 4189 5077 9131 5910 6410 5348 9184 3243
28 233 6133 7399 6435 453 5725 2160 8888 5572 3916 4035 4321 758 8475 9552 8721 5770 7680 4289 2061 2822 1573 9459 5207 4067 9258 4323 8292
25 7414 3403 2902 509 8637 5180 401 1362 591 4924 5841 3639 7737 6321 1698 2887 974 4190 681 2922 1312 1014 736 1138 9491
28 9346 6320 4682 3607 4459 5872 2471 8930 4451 8199 324 8497 8990 6742 6272 7596 223 7131 1852 7796 5147 3171 9130 9384 5126 6658 6547 5176
29 7527 2957 6157 8750 5515 1841 9108 1296 438 2473 1732 8139 4074 5839 1483 3174 2948 7209 8042 437 9053 3501 8875 3682 1380 2429 4302 9619 4089
29 4964 8784 3931 4981 6534 1112 4362 9639 7640 9551 8847 3213 6786 1461 6026 8611 6882 3407 2931 363 6479 2517 3075 8566 7699 9219 5244 7392 106
29 694 9802 5960 4811 6667 4571 2282 3910 7530 7825 1684 6315 1117 5718 3269 3941 345 1244 8889 7703 8581 8598 1805 6687 60 6966 9907 107 610
30 7319 5915 3207 4531 6408 8742 9602 3053 6443 5816 444 2006 6644 2981 3759 1489 5289 7076 2062 2097 3532 2038 5673 4398 6980 2847 1325 9772 7650 5439
28 5453 953 1967 1550 6654 1765 9878 4039 5625 1619 4868 9174 7159 5727 831 777 4599 7108 8760 6256 1785 660 2182 3503 6746 4313 5376 8506
28 7207 6626 1209 8660 1375 6774 316 1506 5328 1058 604 7081 1094 7005 9043 5175 1564 8988 525 91 4904 4807 1196 3579 4817 2279 3604 6167
25 9577 8479 2544 5391 4907 959 1687 608 6199 2663 514 998 4098 8861 3277 1516 9658 5835 839 9956 8936 2775 7201 7028 5916
25 9558 6038 2105 5864 8729 6858 3395 4541 5150 2740 6594 5730 2014 9261 9372 8536 793 8679 280 6190 1398 4867 9055 8239 5302
28 2634 3038 6881 2211 1372 4013 7954 9944 3718 7181 9469 183 3301 920 4986 6878 9092 3110 3791 7415 7045 8546 862 6351 3845 5724 630 5887
27 3767 3048 4412 2567 8516 7019 2896 3483 8825 5866 7507 5688 5775 5531 2010 7554 7009 8794 8603 5455 1062 4581 5476 3518 4181 3830 5784
29 3595 6496 6722 2862 3214 1815 6196 7497 9711 8161 4475 9852 844 7431 1459 9158 6178 4577 8668 734 7671 7914 2586 1860 4259 2965 6681 2323 1174
30 9895 1946 5513 5549 1266 7505 4733 4336 6679 6314 3466 6387 999 8370 8762 3393 5000 3456 7284 7835 8518 820 9913 8523 1924 2365 2933 4053 2126 6754
26 2084 8596 1762 2778 6899 9364 104 5893 8198 370 6649 9736 7696 3812 4952 9857 4130 6236 8299 552 7566 7742 5585 3669 1547 9406
29 85 4268 638 1518 5715 542 6855 9137 4668 5986 538 3837 9729 9233 6386 7432 2178 2986 5597 8874 746 8730 8781 4034 2701 8594 9504 2950 3170
27 7021 6266 4337 732 5158 8408 3862 2362 1652 5773 7292 9996 86 5332 1847 7950 670 1089 3711 9742 328 8267 9951 1558 590 2489 8526
29 6906 277 7294 2041 4840 9661 7486 2566 8626 4220 1273 8271 4814 8029 1439 178 5118 5395 9089 1802 9314 2318 7080 5336 9352 1264 9096 9484 1229
27 519 5836 7697 6305 652 2491 9036 4729 1107 4445 7208 4763 7808 1063 9668 8109 8191 1032 266 4828 4830 915 7015 1595 462 8273 7065
29 8465 6865 7435 6901 3208 2025 8853 1992 2515 1190 64 1088 254 5994 5761 8020 1915 4435 2030 3882 472 4432 2717 7343 5041 1220 2746 4309 4004
28 8696 4923 2904 3909 149 4810 9000 4670 8707 8614 5356 7075 6544 55 1436 9412 8224 9798 7735 3611 6970 5483 3172 4436 9139 939 7880 3479
26 7417 145 882 9101 5995 1232 2377 7193 8321 705 3056 9624 3034 6426 5998 2946 9327 3192 4087 666 7006 6655 3735 1608 9286 4628
31 2994 2530 7965 6059 2264 4036 1869 506 6536 7913 1334 1977 8041 2888 131 5646 2342 225 7400 9067 9839 4040 2613 6950 6461 2496 26 8073 9874 1198 7356
30 3810 4339 6842 5586 7770 2626 7512 4439 2438 3751 226 6343 762 4776 7238 7859 9008 5162 84 6069 1354 4494 9688 5206 7519 5349 4227 132 7406 7691
27 2980 8195 7029 2269 2824 5735 6525 279 4389 8420 3641 3799 7044 5540 4128 4284 3794 1694 204 2707 9340 993 6003 2335 785 9856 1865
26 3444 7850 9422 9113 4381 1978 770 5061 246 6127 588 6837 6380 3246 5964 3545 5121 5523 9488 3471 4327 4560 2258 1412 8235 9240
30 5698 2565 2968 9353 4138 4450 6290 5710 3115 4211 1230 7410 5692 5567 3927 8129 1963 986 3228 1532 5403 9997 835 7439 5387 4400 8120 8111 8050 6186
29 2504 3758 5386 218 2063 7440 5888 9516 4778 2402 1488 494 947 3401 249 6187 300 4124 5189 6329 526 7031 4238 6928 8613 5416 1756 1165 3667
26 5273 2007 2814 205 2964 4121 3793 7398 864 6195 8221 1221 680 7130 2416 9654 9173 4630 7590 4960 3877 9984 1520 7383 5671 5587
30 1154 9723 2357 7717 1378 4790 2503 885 6458 7685 9295 9525 7053 5962 3926 5869 5083 881 878 4457 6428 3756 1468 5908 1407 1776 3949 3917 8913 4758
32 4347 3634 2985 6404 3697 5184 3002 9682 5626 742 9518 8461 6621 2632 5379 6406 4547 1045 5329 5879 5315 2993 5324 1060 5534 5999 2166 4784 489 9268 4175 6826
28 1648 8619 9164 9398 8393 18 3626 2172 6514 9946 649 633 9024 603 2314 3622 8892 6606 1307 6847 4891 2765 6879 5134 1257 1740 2868 3158
26 7456 3101 7923 6761 3112 6825 293 4233 8525 2690 507 2945 6323 198 9068 1618 2923 7082 8602 8462 6319 9441 3210 61 3412 5896
27 1199 9866 3872 2915 1930 9335 8557 1332 3189 3245 9922 1584 6518 6350 1401 9458 8206 2725 619 306 7633 9561 3455 1923 6779 8620 9329
28 1851 2901 2306 3842 3542 5099 8508 6259 867 8048 1087 8396 884 4955 8373 2369 3147 2913 1395 4679 3018 6430 2202 7698 502 6556 6470 685
30 5638 7947 4516 6524 4561 7048 9277 4000 50 3935 1208 1561 2361 7098 9473 3408 5426 2372 1029 9664 8931 3398 6436 9308 9371 553 3844 4887 6516 9489
30 3116 7187 4586 3226 787 7666 8287 9657 3178 7170 8429 7975 7898 2111 7033 6228 2686 1091 2539 9502 6171 8264 1942 1712 3482 5258 9735 4395 3114 7526
31 973 6784 5489 1820 2533 632 3023 4982 4618 5778 490 1346 4645 5409 8926 2589 9501 3695 5828 7536 9883 8398 3902 9820 4574 6635 6292 3225 3783 9172 5159
30 8307 8374 2487 8363 5560 6981 5494 4198 7971 524 4719 9017 8082 9935 7276 7532 5834 8659 4127 3330 3427 9499 4141 3581 5130 7020 4834 1442 2728 1149
27 5644 3062 3148 891 4681 3084 3597 5641 8612 7999 3418 58 6749 3390 1553 4081 8815 2835 6473 2098 7855 3873 1275 8549 5351 6817 1167
29 3808 7315 7178 5845 2008 7477 4326 4463 2190 5338 5605 912 2299 418 8796 2967 1721 3795 2867 7305 5878 4878 3460 2512 7579 5829 1049 2358 9675
30 5953 202 1001 9463 5110 5359 4253 9749 4499 4837 4406 1632 101 2326 2576 6508 2790 6486 1933 2846 3678 150 4077 417 5751 2140 7060 9407 8410 1485
31 6422 362 5042 8880 9208 9582 5234 5088 3789 6641 3732 3638 9653 7676 6743 2671 5691 5963 8144 8013 888 5343 9581 3929 1938 8927 7177 4514 7768 9457 9084
34 6830 2630 4699 9064 1287 1474 9176 880 3673 657 3337 9730 6953 4106 7385 3700 3944 6763 7958 3637 392 3865 2919 8724 7205 626 3064 9123 6767 2018 2301 927 2832 5639
31 4329 6513 5569 6838 8515 6769 1481 5576 3739 1164 9199 3329 8758 379 9617 7126 8189 7663 4401 1248 4201 9274 3784 6507 7313 90 6245 919 5619 9848 4205
29 8194 8816 5633 415 6260 6852 4731 136 154 2192 6512 4934 4700 3344 428 7328 7785 3565 1427 9994 8946 957 1148 40 3350 6922 8281 1299 8486
31 3143 2291 2157 5527 3045 8779 4993 9569 6926 1324 5335 5419 756 7623 4477 231 510 2852 1647 1007 5769 6599 2452 8183 9646 457 7723 5166 3573 4734 3205
28 1363 9330 5216 8484 3098 9539 6913 6568 5047 9807 7961 2341 9673 6502 863 5600 3798 8877 1986 8040 6885 3815 1909 9095 2622 6369 9648 9864
25 4585 9444 7705 621 3948 1443 1699 776 7476 4704 700 6462 6213 584 6693 3743 4647 8263 5552 9861 3169 2253 5182 8027 1420
27 3024 4762 7261 6533 1254 88 8905 3206 6144 3853 180 7888 1137 7491 2685 7990 9979 4888 9436 8085 9336 3679 2351 2343 2664 1178 2179
31 9307 5991 4437 1629 8485 2393 5657 3469 3200 2958 3666 5602 1763 955 1840 5220 9466 1126 6651 9376 9853 4044 558 687 6790 2535 1612 9825 8609 2674 9753
28 3232 5849 47 4291 6583 6602 1155 7269 4305 7357 302 303 4549 693 9311 239 5124 9812 6715 8655 1028 9328 4662 9129 9147 9223 2591 1944
28 419 1345 3956 8792 9863 634 5342 9306 1782 9449 728 4056 7083 5827 9734 2300 8605 2068 7071 4929 4446 8698 1577 4802 7543 8701 7910 8793
27 8311 3120 451 3369 8940 3996 1078 9801 5393 958 9122 9424 5132 6716 529 6210 5547 2799 7927 8644 4671 1285 3396 5005 6618 8914 2937
29 2879 9799 849 1559 937 12 9342 5764 9652 4269 3276 7879 398 52 5443 8426 9490 8437 1557 2289 8150 7010 9213 7929 6770 5082 3731 6427 3420
31 2480 3829 5907 1943 1279 7074 5243 1586 7535 5421 6863 3088 7217 7236 5268 9931 4045 3982 3454 2947 5659 6344 6808 6845 7529 1205 4717 4123 6985 3346 541
26 2388 7470 7100 9633 7977 8451 2628 1901 7447 5212 1453 4072 3889 2153 8573 8213 5502 2584 5049 8850 5794 1700 8778 4975 3984 87
28 9478 7806 7424 5780 9023 7683 2210 1729 6870 3550 2026 9564 8901 3175 9179 642 1880 3825 5090 4134 3190 6392 7937 416 8327 7944 2238 6874
27 5284 2386 7741 6415 8247 9508 2340 423 5339 763 8419 9297 6048 9666 4779 2316 2802 5480 5071 7605 9360 3505 4151 4186 1961 7896 3741
26 7649 3570 4352 9705 4320 6517 7445 242 7425 8563 7628 7994 3747 1936 9902 1934 359 8318 6230 13 4805 8118 6092 2353 6211 6752
28 6787 8062 121 3936 857 4462 7562 1084 6118 9758 5977 2113 4538 5270 9196 412 8813 778 7450 3774 6276 6042 1893 7421 477 2058 7621 8000
28 2518 8068 6762 5660 5819 9201 7465 9125 2159 9298 6043 7585 5806 5174 5299 8035 5367 5568 2595 9939 6056 6197 8590 896 6578 7158 6902 6027
32 2288 8514 3355 3993 1682 2443 5145 4606 7160 6020 6939 8866 5884 7172 8688 7587 2235 3974 9218 1069 1000 5514 4325 2381 8568 7030 4006 3782 7144 5318 9315 7675
29 4644 6240 9383 1727 2572 2883 8030 8157 8822 260 3690 4902 6223 1171 1056 1085 7776 9087 5366 7812 6535 3183 9460 6425 3260 952 3919 2569 5201
29 9600 6730 2959 5582 8987 8846 9638 2831 797 5573 4738 1789 775 2475 802 9769 3819 6648 3908 5935 7426 9054 6959 2570 7384 171 5022 5218 2601
33 4254 8268 2075 2400 4698 1975 9788 1017 2363 2816 829 5139 5628 297 5978 5519 4633 3849 8296 4873 753 1423 6361 482 773 8919 357 4250 208 8865 3040 4745 7988
26 9018 6542 9001 105 8241 6317 1018 3861 4686 7129 2333 5746 4845 1145 6098 3515 7815 848 6096 5030 1704 3811 7528 6710 2352 720
29 6017 3645 5161 6704 9886 6911 9086 8181 1394 2309 2485 3692 30 5504 5833 2389 7706 54 1692 7036 4874 1386 7569 4239 9052 7026 1465 6990 7870
27 6014 8898 3816 3493 4416 4468 7360 4536 2073 17 1456 3895 7681 2151 8821 67 5983 7291 9220 2925 1764 8950 2168 5744 9565 9235 7931
27 1177 9748 2371 661 2454 1318 2575 3087 9926 1252 1623 8333 5541 6698 7809 339 9035 1867 2651 5070 1730 4764 2767 5855 6105 7769 8968
26 7559 637 9687 4411 8845 2729 5364 3230 7821 2596 1336 9587 4335 1308 6143 8507 7935 1519 4483 7229 4122 7695 3442 4607 4278 177
30 4962 2956 6650 8776 3168 3014 7376 1546 5190 7403 7023 5357 3884 8975 9290 9118 3136 798 5781 4958 8211 7427 2090 1134 4715 5658 6995 9752 8910 81
30 8265 6587 6264 9916 9953 8058 5408 3691 8900 7103 4162 6009 2695 6629 917 7247 4316 2857 9363 1431 789 8090 5595 9699 7603 2037 704 9943 3037 5433
28 9438 3072 181 6709 8554 9849 8531 165 4491 5631 3102 5104 6945 3771 1747 5096 8944 5407 3399 23 395 68 1969 9027 6299 1932 2435 926
27 9918 6969 7900 6203 942 7228 897 7 7599 7373 8259 3293 2034 1761 782 4696 6672 7610 6522 7678 4169 2228 2930 1095 4015 4356 3724
28 6301 2587 6564 2275 5459 8736 1297 146 8173 3414 179 2420 2660 5643 6362 4761 8925 4583 4079 6277 4052 5941 3339 4632 6509 8464 209 6744
26 5885 5897 172 6153 464 3397 5203 6604 8692 9070 4043 7758 8807 8755 3273 4290 5434 290 3160 9498 5334 2042 665 8261 281 3318
29 9138 5928 4532 2712 349 6771 9061 3526 3523 3000 4359 1073 3512 8168 4213 2464 7884 9655 199 5802 1081 8372 5014 6778 4286 2914 73 1390 941
30 4361 1071 7772 2829 3197 4580 6251 8789 6281 7749 9530 9162 2692 2130 2581 5716 1044 4456 3670 6185 3254 7136 8669 7793 6785 6237 663 215 5446 7489
28 5674 3529 1327 396 3351 2437 2174 7780 5321 3093 4649 3776 7834 669 8558 6954 3191 8734 9808 8680 7833 3353 667 82 498 4553 434 1882
31 2338 8225 1672 455 9205 7224 4781 6700 8921 9641 1403 6940 1713 1457 8722 4382 9833 1526 4444 2511 3660 8504 1491 5917 6961 2430 8954 8634 2744 499 5861
25 6371 852 5196 4615 9576 4510 6081 4755 7372 1156 8095 3674 8384 8284 384 8577 6015 1030 4766 2152 6983 8615 9428 5424 8036
27 8909 8167 3796 769 2501 4150 4042 2875 151 1624 5205 8087 4059 7924 7792 2184 9689 893 194 3388 94 182 2874 6925 4730 8718 530
29 2497 5054 6637 3547 8510 948 3097 9746 2045 348 5487 9999 6930 2015 7844 4343 1389 4064 8912 8725 2772 9031 1130 1614 3278 3755 7191 4251 425
30 9837 8402 5471 7386 4721 1982 9663 2880 5640 3068 5154 2508 8175 8883 406 9217 4511 2188 1233 4691 3130 3384 3302 6936 3932 3757 4391 7239 185 771
24 5561 3970 4866 6506 7902 5961 5620 7225 618 7673 3463 9081 6460 4519 3506 3544 5002 6200 1143 8977 678 5912 794 996
30 9941 1551 5491 6011 9517 485 9691 1696 7786 3976 1970 8028 8702 5484 5040 9876 4139 9207 310 5282 9482 7592 9282 6888 9743 1745 9980 768 8726 4465
28 6135 8978 4479 4631 4108 7444 8951 853 7547 6054 8288 3499 7909 6100 4420 1166 8801 5064 4193 2375 3187 2332 7922 460 5680 288 2334 484
28 7887 6806 6029 9869 6499 1153 7498 3223 1355 2216 8982 1047 1701 3132 709 9309 5584 8532 3651 4852 6154 8851 5237 130 7488 7203 9990 2961
27 7341 6598 5294 1543 3943 8748 9369 4007 2726 6307 1931 3400 5842 8780 7312 5200 1988 7661 5496 3249 8995 2304 4415 9079 6168 9986 9745
30 1766 8317 4592 8376 7396 6248 3521 8427 2871 2598 4879 8984 9156 9596 7692 5202 9280 9780 2548 7122 111 9670 1271 7979 1377 6102 4474 216 9540 8791
30 9163 6680 5717 2385 1718 7523 8881 7565 9373 3964 8304 2910 56 3470 5752 5135 8106 1960 1524 718 4003 9180 4119 3312 405 7295 8052 515 8204 5369
30 722 9782 7839 9045 3289 7991 2203 6661 7827 7504 4595 1578 842 9674 5648 1052 5093 1929 4147 739 8251 5919 7256 4974 9930 1024 5598 4903 167 5301
31 5211 547 3760 1305 6201 9610 4265 3823 4016 9614 3162 1 1783 9292 2982 8231 2897 9809 3925 7117 7234 3209 1437 2785 7648 5226 5400 5229 5303 2745 8316
29 6246 5473 6217 3583 7807 3450 7303 8326 9693 4770 1400 7189 1858 639 9359 9414 6582 546 3487 3580 6021 9445 1590 540 1818 6348 4304 8564 2310
33 697 1739 4384 731 8777 1479 9965 2696 7684 1903 3473 2181 3137 8871 7233 3065 3584 2720 9127 7390 2870 2209 1387 1862 3643 9385 2003 1016 6703 4231 1541 435 1917
27 7492 655 4422 806 6465 9034 9486 4508 7959 6739 6476 5982 2283 2287 5800 9279 9545 3379 257 2863 2563 5245 3992 9251 3907 5457 6280
31 9212 5227 7788 8893 1937 2721 5946 9221 6209 8735 520 9843 2602 5060 5733 830 7167 623 2560 6018 8369 743 4900 7264 7382 7251 7109 3733 6819 6099 2135
29 7885 8928 5032 1396 4105 7339 9521 3792 5463 7829 6220 8401 9232 5122 8639 2590 8153 6263 6675 7277 7822 5213 273 6620 3716 4983 3203 2917 3500
25 8636 8228 8060 4995 692 1478 6964 2580 3740 7626 8601 4602 7043 39 2183 5384 8641 2223 1574 5966 8540 5632 1659 9571 1998
30 5193 4875 7517 3712 9450 1277 458 9519 5362 5927 803 3461 7558 2657 9651 8294 135 8628 2457 2001 8544 7216 5740 6250 9751 432 7176 4530 3465 4562
27 6202 511 4600 843 5009 5358 137 9649 329 1376 9323 1173 4471 9434 1182 8347 7352 3675 9860 9049 8227 3681 4442 721 7116 8478 5670
26 582 2556 4827 8165 3727 3413 1006 1625 2997 744 2653 4167 6483 8855 8665 9993 1861 1620 7111 5062 3128 89 2 6485 8924 3272
31 6898 2594 2804 9900 3959 2718 5702 4485 5085 7041 4972 5331 9426 5943 2225 7199 6253 1214 6849 3850 8358 1269 9270 2849 1125 8434 747 3953 9811 8727 7349
31 1778 4881 2670 7951 8219 5571 7945 2455 1613 6802 4244 7212 5191 5450 4598 4160 924 9628 5429 7727 1304 3016 2550 1896 4980 3333 2144 5423 7842 9708 8834
28 7688 7817 3305 1786 2510 5017 1857 3591 3933 5630 7823 3891 9197 3942 8115 3290 9750 8623 8652 5012 9914 7235 1751 8980 3537 2138 173 3934
30 7996 8743 616 9572 4741 6593 4572 5858 4854 774 8171 1848 4750 3672 8038 116 4687 5382 7472 3166 9854 7901 8492 5354 544 3954 2916 3091 1222 9133
32 7820 4998 1464 6161 4798 9074 6659 7892 7017 1984 8869 5617 9040 7778 6156 9800 2817 1962 6927 4374 1683 2423 6198 2855 6796 330 3380 5224 5706 2574 1245 1725
32 5738 4111 2585 2616 3985 9765 9148 3135 7799 483 9511 9316 4836 6079 7912 9119 9222 838 6728 6612 2100 7377 4306 2286 8488 7545 5472 2715 4311 1131 7149 690
30 6172 3540 9573 4841 6619 3438 7461 8428 5164 9237 4819 6607 2549 6873 322 7355 5309 2021 7024 7418 6423 4568 2604 9636 3050 5522 1560 5542 8553 3489
30 3504 9873 4940 31 9637 2214 3219 8635 1501 8021 5697 355 9570 7750 3382 6378 9983 6191 8025 5142 1627 5266 7638 9933 2472 9816 5949 4144 9395 2027
29 870 9841 6798 8043 5719 7252 6455 6526 8230 3596 8319 6075 9400 6414 9844 4601 1695 3430 4736 5274 601 2146 5149 49 5545 1907 9640 8991 2142
27 7936 4956 7843 7791 8203 5599 5445 3133 8357 433 8996 6120 9140 4232 5214 522 6993 6800 8677 420 570 1140 4910 229 7715 7347 4589
29 4556 4353 8891 6076 6745 6103 7987 1031 1850 2127 7262 7848 8599 6895 2080 4295 8604 686 5550 1792 6221 6975 5721 8797 8074 5583 8293 1750 6978
27 5823 1503 4274 2441 8955 4783 9550 8474 3052 5431 9706 8837 4839 3923 8864 331 6454 219 1104 409 4107 1113 5777 2578 8584 8442 4452
26 1185 2380 6751 2405 6070 9603 7095 8491 6494 5755 9264 1838 5840 9906 5530 3262 4550 8502 9288 8440 2906 3903 7430 5353 674 261
29 411 5240 3601 7930 7972 7197 1953 8703 4860 4946 1224 222 4488 1261 1128 3315 8159 3242 3117 6729 350 3524 9224 7952 9678 3847 9397 8673 7078
29 98 8631 7938 9124 8527 8664 2222 6937 46 2131 834 1876 8242 2551 5152 4179 5974 4785 995 5183 7368 4611 3630 3623 2085 5188 33 2738 5512
29 8618 5559 3328 1361 7524 6254 9226 921 2490 2133 1213 4118 1567 2193 4943 403 3488 7906 4726 597 3912 3448 8177 2711 9785 589 402 2266 2298
28 5517 1484 5787 9535 4228 8606 8632 1827 5554 9088 4441 6792 6714 1352 6147 7948 8956 6999 5793 3785 1317 5634 4808 7864 9891 3186 8831 6747
26 6614 8589 9971 1263 7601 2074 4971 6987 9566 4752 4191 270 337 710 7059 8253 141 4804 1425 1038 3598 4909 6844 5857 5079 8828
29 1993 1991 1916 7123 2667 6797 4505 9578 988 3714 6875 8367 3129 4525 914 1894 7321 7949 9548 9338 3240 3123 9227 8431 7475 4739 9754 7185 3185
27 3080 7422 4714 3664 2345 251 6366 6239 668 6381 1563 4438 6306 9098 9483 4215 1467 7509 8215 8499 5822 8450 9601 170 3762 1250 9183
27 7911 7348 2481 7223 1509 8179 3947 3221 6923 7479 4800 318 3894 4515 6224 7983 7753 2028 2960 1641 159 3765 6283 1675 1600 792 6738
32 8548 265 3404 2268 3041 2926 3661 2072 5363 5754 1733 8662 875 2899 2714 9389 751 8842 5488 7522 3280 7614 800 5876 2297 5109 4279 6889 289 8765 9725 3090
28 4915 9838 5729 990 3015 2962 5677 4210 4484 4744 7814 6558 9429 2882 5346 7388 3356 5603 9281 5856 5637 5939 1359 4 659 7375 4809 1810
25 5486 4767 7214 7738 5173 2398 7289 4537 3497 807 1743 1616 7072 9959 9300 6586 5314 8477 4801 78 5967 2633 6459 5478 1012
31 3708 8409 4270 6316 2294 3426 7169 2621 3296 8571 6689 4557 7932 9923 6448 7344 5249 1825 1158 871 9153 8493 8849 9538 6992 701 6935 8375 1217 6274 3480
29 7917 7805 1237 7090 5711 9865 8998 267 1072 5745 2023 2592 7578 5485 6006 6063 8939 7000 4533 5053 3265 9718 5668 7416 2295 2137 8285 3195 760
29 9354 5375 5859 4746 8672 8433 2102 3965 8064 9644 9266 1537 6166 3585 5578 6456 2509 2525 4559 3039 6668 8447 5881 8438 4018 8176 8897 6419 2477
29 4576 9452 5317 4877 8567 7306 372 7501 5518 9401 1640 536 4310 8190 9002 6510 1797 2122 4542 4889 3179 138 5898 2469 5148 3033 2242 3182 7790
28 6090 2213 8539 3349 1015 5728 3572 2421 2742 5825 6249 9103 3180 4423 5768 7876 452 6160 8561 3628 994 5310 5308 8890 2710 365 6519 4588
27 6413 5365 7921 3457 5926 9041 1958 9524 7140 9333 3594 1581 4054 4258 8390 7877 7370 373 1545 3082 9475 5984 9702 3367 2966 662 9467
32 960 5269 6390 3962 253 442 699 1356 6373 3999 3973 9465 3359 8148 9609 7853 9256 9185 2891 6590 4031 9437 5679 8896 271 2482 4084 4622 2637 7866 8848 4703
25 6974 764 7521 2976 315 4409 8405 6095 5111 9823 7499 6841 2033 4925 2900 4520 1218 9531 9740 4447 5865 9850 9836 1152 5783
26 7260 8782 2311 859 4780 1987 8233 508 5038 1195 2869 5577 7242 1371 4782 3086 6472 9215 6982 2890 9492 3575 1093 2782 8958 1602
31 819 6546 5398 6008 1594 3848 6501 9301 4569 3725 7226 1043 2453 9671 4051 3211 3495 2903 6585 4728 1226 7693 6933 1048 7606 9202 7286 8711 3854 9554 3715
28 2217 6142 2143 7332 9377 8229 6691 4846 3261 7635 8155 7196 7515 1409 1968 3360 2699 7105 5238 2774 9543 1186 2777 9019 6444 304 2401 3335
29 8799 9882 3173 7520 7644 5449 5468 5656 8397 535 8587 645 7307 9430 2682 7443 5830 6183 5749 4348 3832 8961 4870 2012 7516 3836 5693 3049 1777
27 5410 6960 1454 4369 8747 9503 2655 1274 488 4482 5447 2278 1914 1406 7300 567 7097 2763 6163 4065 493 6640 6363 6766 5797 9477 8645
29 2103 1990 9015 8187 1288 5593 6080 351 4528 2460 326 8495 5498 6724 3458 213 6025 3863 3608 1344 5260 1925 8039 4068 874 1890 2101 9669 6446
29 3057 1615 390 4222 7154 9903 7658 5788 6107 7550 9005 5394 9021 5076 4410 8482 9249 8466 6567 719 4467 7760 7946 1021 4966 8339 1794 9975 1253
29 9784 1428 8298 2828 4688 8275 8706 5140 1388 72 6336 4812 7206 6545 2220 6948 7838 5169 4864 1996 2996 612 7047 4099 7442 1076 6464 422 5925
29 7502 9071 4961 6431 44 1633 6355 1910 4554 5415 7273 9050 92 5579 7873 4835 9526 358 1219 5954 8854 1204 5944 5127 8439 7728 8651 320 5596
31 7577 2367 4461 3354 6335 7052 6840 9402 3445 2047 1906 4693 8031 2739 3920 1856 8512 3078 7928 2052 8055 7748 4247 3233 2648 7724 6677 375 8957 949 8649
28 4502 1653 8585 978 9977 6579 5589 1510 8444 6958 9528 4555 4109 2256 2428 4032 4892 868 4168 9970 2280 8383 3324 9756 6718 8046 979 8377
30 5707 6235 7966 7713 2553 2579 9009 1722 3252 985 1013 1046 367 1774 7589 6368 8391 21 1837 2722 6091 8545 3288 6671 7161 7230 4009 4307 3520 5760
27 5208 3008 8810 9978 7754 2619 9357 944 3737 2521 3960 3786 539 9824 832 2397 7802 4204 8460 5160 7639 9685 1421 8586 6600 9546 36
26 447 3334 448 8986 7152 3713 3498 2199 7582 1216 7514 9355 8362 533 3807 564 3631 7767 7670 7364 1424 8733 1715 5940 6231 6919
28 4775 936 3649 3163 9181 6702 4206 3378 9896 1265 8283 1661 3981 2092 4334 2547 7891 9145 4949 5008 5608 4166 9966 9378 3266 899 5499 9107
26 711 9615 378 860 4008 113 4283 757 2484 1654 3004 6170 1667 3686 1544 6449 8862 9317 1310 5325 5482 1415 6016 7865 5759 4221
30 8964 3188 1638 6633 4820 5649 1878 7736 6642 364 3372 599 4623 9047 7018 1664 5306 9287 4921 1228 8274 9321 4501 188 8282 1964 8966 1760 1440 9898
25 6164 3059 4224 3710 1974 821 5217 4133 7366 7069 6471 1853 1972 8552 7766 9110 2552 6912 5383 551 3763 1644 8624 7086 5969
30 7326 1954 4135 8731 8305 677 3706 1183 7454 9744 9938 6469 755 4609 1941 1950 5114 8422 7620 3416 5292 1525 1434 1813 5934 7042 5461 6753 8646 5105
34 4821 3285 5432 7174 1022 8979 5101 9065 3352 129 5933 2650 4911 5295 6991 8341 984 1262 1493 2643 5413 9690 7745 2892 2672 7704 1768 5553 9042 779 6493 232 3486 4387
30 2249 224 1295 2812 3577 9167 2773 3282 8496 6759 1571 9077 5720 8490 2656 8337 6115 7039 9835 3813 9442 2907 1109 5262 6382 9773 4795 4069 8389 4194
25 4300 3345 7192 7453 983 7897 118 9684 2861 97 3204 8135 6719 1948 3298 174 4331 3991 1191 5462 605 4093 6452 8076 2175
28 1635 7533 4552 3196 1957 5452 2905 4558 6549 6788 8997 2173 1780 1050 5804 9367 3685 2426 7135 1980 9697 6956 7794 2649 6864 3373 9599 3100
28 2254 9255 4635 240 3237 2987 6733 6805 8608 9626 5565 5081 7700 57 2500 8616 5661 7503 356 7337 7245 6030 7969 8166 2218 8266 5163 1839
29 5392 5635 7002 5402 7125 7220 4651 8065 1200 6529 1656 9487 414 1469 7962 1452 6941 2408 636 3144 3905 7851 534 8404 3618 2555 6402 7381 2410
27 7899 2796 5650 8695 8308 8785 5663 6193 8056 6146 8578 6521 7564 1223 9964 1319 9952 3986 4724 8005 295 4481 2813 9559 7482 4104 4487
28 7272 3870 5844 587 192 3578 2162 7302 1945 6645 8947 4706 4865 2419 3108 8124 1460 5304 4158 1243 804 1788 7309 7707 1051 9121 5157 3644
28 4625 6656 7926 3467 5937 3859 312 9198 5762 6132 9846 3890 4648 1135 7112 7288 7257 9562 8974 2303 9246 6227 8399 7487 854 294 5435 4377
28 3386 8061 7553 3478 4176 1513 4806 6949 4299 6946 3109 1530 6591 2811 5015 3317 5592 2808 3892 8528 5178 7511 3383 6151 7011 4777 5125 9362
30 6051 4063 6783 2953 8788 7301 7250 2702 5853 9929 6492 7378 6338 237 4985 3817 9116 3546 9815 5222 1098 3247 8969 3316 4933 5990 2519 930 7296 9380
28 1298 1738 6498 9894 8081 8202 708 5250 6297 2886 8023 2364 5731 954 5352 6252 2646 1872 4055 8220 8678 6597 3781 9627 6794 4677 1340 4575
30 9510 6480 4680 714 7287 9631 2529 3874 5094 9105 9144 8276 1828 2704 8436 3446 4430 6138 6708 1259 3818 7781 7782 34 5555 1795 4697 8012 6500 851
30 9741 1315 9829 8353 9774 2093 4319 3081 2089 3539 5087 2271 6124 6326 5956 5732 9792 8769 7651 7409 9733 1111 3491 9117 3519 8143 6421 8368 6389 2470
29 496 7568 9030 7463 6662 1381 9245 8795 4928 7333 5495 9683 6453 2761 8248 387 6581 741 1679 9056 8469 6261 5564 1339 3612 4926 5683 1414 456
28 3375 4963 4297 7618 3998 3586 4209 2317 4234 272 6725 3571 2187 492 9547 5330 4658 3490 8122 7629 586 9692 7871 4896 8003 9940 9721 5570
28 5320 825 5470 8070 3687 6356 2865 8456 3966 5165 5267 595 6877 3971 8550 5606 5108 2495 5425 4641 9949 2234 5115 961 6748 3671 5682 2391
33 6804 7655 7008 287 7600 614 3838 5765 4022 3509 248 5236 2792 3370 1719 7237 8446 5405 2020 4665 6860 5074 7318 2091 6595 8870 5846 4219 4408 7016 682 8328 9439
31 124 7978 1875 889 1576 2104 2392 9259 9432 8817 7133 2270 3113 6418 1819 2424 1621 4100 4212 5397 1433 3770 3363 5771 9157 7115 7449 4046 971 408 311
32 5987 5285 4257 1404 4360 9881 8922 6589 8767 6938 5479 5056 5248 580 8334 6082 7830 5699 5279 4110 4885 9957 5326 3772 5903 3027 8751 2479 8320 7974 2450 6300
31 5666 5779 7371 1446 2478 6832 3510 5824 1658 1157 7283 9867 7040 4434 6851 8279 6291 1147 2262 4431 3058 9921 6550 1408 9136 4996 795 4495 15 9892 7561
29 1868 2809 9152 1798 9476 2732 4624 5011 1702 7510 2164 241 9598 8200 3897 3095 3543 4376 4443 1118 3156 9764 5889 2305 9104 4710 7279 7110 2232
30 531 7063 2170 3779 4271 8763 1005 3624 3217 8863 6140 1240 4070 8860 5581 895 5063 2610 5601 203 1419 1555 4114 5703 2954 6284 2384 1575 7317 6328
33 9358 1106 3157 3653 7518 8075 7669 5469 2932 2180 7573 3754 6884 5252 263 7556 8621 1879 2390 1320 5951 7925 2542 5235 962 7132 7662 1956 750 2169 837 7572 1009
25 6588 946 8132 9134 2505 5016 6071 8806 3142 840 5880 938 3963 1451 3251 228 9821 4281 8798 3042 9037 7084 8543 9899 5253
26 1651 1690 7841 2776 4517 1728 6077 4449 5902 5563 5923 354 4146 6565 123 5848 1754 7046 5322 9832 3025 8948 6910 9884 8494 7361
30 4188 2716 8918 7730 7647 8985 5709 4859 8301 3736 3535 5810 193 2324 9344 557 2354 3011 6705 5059 74 9149 1568 4797 6294 2145 5181 3292 6643 1562
27 2810 6149 4954 9285 2819 2856 712 9305 8212 7495 1606 3662 278 9303 4092 911 9720 2415 3440 9858 7222 7982 2141 6322 7986 4472 3780
30 2149 966 103 5795 7595 8010 6957 5892 5414 9016 7632 4027 1536 9283 9672 5611 3629 2877 1290 1168 9634 9495 1289 1846 6155 3150 4917 3332 3858 9289
28 4678 2215 8416 7789 2691 3066 3374 5785 1617 3089 6777 3880 4164 4522 5820 7739 8476 6997 7672 2680 7759 4397 596 5798 7244 7752 35 8178
28 4014 4832 4913 9080 79 9022 4850 752 1455 9195 7826 9239 6617 4129 7682 5006 3839 2935 4272 200 4185 5254 389 2766 1448 4529 572 6057
31 283 6737 6074 7801 8100 9004 3990 9859 1844 658 8403 2022 8158 6302 5546 6846 4180 6352 858 9247 7824 360 4174 4078 9435 3385 3 5251 2599 4393 4350
32 5988 7934 3940 2054 6139 5873 1500 4403 6370 650 5003 2806 9893 5067 3054 9390 6298 3893 8899 4262 1688 5900 7584 2830 9194 9797 6973 4156 5654 3326 5312 1689
29 9410 3006 1697 6916 2978 441 2787 1528 28 3394 9419 7546 1552 2082 2984 5803 3434 3105 8876 1965 4796 6890 2399 1067 6520 6379 4273 4672 7800
25 7747 8682 574 4196 7490 5437 3307 4245 6401 6555 568 2631 9060 2977 4612 4941 4880 152 9787 4217 1066 9190 5850 980 5742
29 9958 5877 3421 6169 6660 1951 9789 3689 9271 6894 1225 2219 3599 95 5767 8149 5701 5100 1643 6097 286 1035 4751 3476 6152 4597 9350 4692 7316
29 9982 2467 2749 1834 8045 7714 1331 8521 3788 7563 4498 5741 7763 3753 1188 5847 1172 3320 550 8607 275 2607 8740 9606 8547 7721 2167 2762 5610
29 4037 1399 4895 9563 6577 8690 269 6158 8208 2344 5098 6712 4970 3961 6208 4749 9216 4344 7709 5068 6405 2864 5528 8481 404 4573 8575 8006 2409
31 8151 6942 5562 7631 9244 6532 5337 1281 9291 9608 9775 3843 6285 4853 6417 5001 7701 3801 9278 3484 2243 4638 5454 7609 8654 9584 2263 908 1300 606 9302
27 4916 3106 6332 4735 4666 9032 8852 6694 3750 6270 3222 3325 887 9448 8630 4383 4440 1206 1020 6188 4172 2139 5675 8049 5713 5860 4083
26 1397 6377 856 2197 8929 3165 5651 2665 4404 7210 7733 6706 1498 9464 7645 9677 4292 833 1445 5057 191 5511 1855 5574 7441 7240
25 9786 3530 9767 6929 7544 3424 410 1803 3007 6119 8759 5817 2165 2463 3310 8330 6409 3145 9243 5532 5815 6868 2747 3079 2136
34 9724 7066 3474 3840 717 3688 9062 8079 5004 7241 4991 9647 3574 9712 7012 2759 7298 9007 3124 6674 1444 5010 4388 2758 3119 5973 1410 2614 5456 1276 5883 4486 9356 7468
29 7690 2942 9003 9542 9143 5261 2618 7567 2458 4261 5131 8295 2727 6998 2615 2044 2276 2050 2989 9260 190 3153 7394 2752 3238 8445 6554 8234 9989
30 845 518 3406 2990 1119 2336 4427 2764 7797 7571 8303 1748 4570 5737 8764 7363 5854 7531 822 1096 5506 6781 1983 3659 8083 7985 4587 3707 6036 2797
24 8753 4965 5609 8218 1357 6031 3012 1291 923 4094 981 4424 3514 6192 8222 7875 1092 3802 9872 7787 2583 4050 5298 8417
28 3769 4685 7852 5667 8582 344 2434 2079 3032 7143 4399 4815 7155 7702 2019 922 6238 4579 8689 7038 7297 7175 2396 4249 706 5102 956 6866
31 6121 4771 4947 6495 1877 1989 2449 7113 5979 6004 7624 8196 7102 210 2204 855 2724 4136 1256 8943 4831 1370 9738 6812 2858 3005 5868 221 4627 22 1759
30 9827 8941 3451 9805 469 5089 1534 2988 8671 2029 8843 9630 4033 5972 4368 1771 7459 997 5906 3176 4953 8128 1364 2736 3306 2049 6731 4673 4048 8933
29 9343 5204 1150 8501 6308 9557 7967 5932 9132 7627 631 4826 9595 3193 3409 382 5894 3127 6515 1871 8019 6897 4433 429 1985 4252 2992 8920 8627
31 6173 6663 4674 6883 1385 8117 8535 5120 5684 7686 2277 5444 3869 5958 8610 673 1170 9862 4153 8617 8458 102 2713 4349 3694 9033 1417 1042 1293 9870 9324
29 8395 7165 1655 4490 8994 6848 1669 1814 4894 2750 2070 5340 5989 2224 9387 3684 6388 6989 83 1971 3429 3104 3878 8386 2693 1422 6073 1674 80
26 1212 6573 6358 5996 4061 4012 7963 3017 7783 2379 6466 3271 6433 7077 8824 3989 1189 5757 1959 7984 1348 9366 7147 3881 9974 5171
30 9204 4512 4897 426 2360 6019 890 6243 562 6087 1033 8480 4610 9681 3063 8435 1144 1935 8245 8593 2654 8141 9447 9417 2265 8017 7397 2024 2212 6559
29 1911 6012 2498 6972 6717 4255 8126 1663 5078 342 7438 2226 8498 3026 2370 2325 3402 615 3069 2446 1539 9826 2876 6871 8829 8250 1804 319 1609
28 6216 5551 127 41 5776 9399 7255 7311 6605 6035 407 4740 4421 1504 1482 9739 1749 1708 3481 468 9415 7320 1831 4535 9732 1283 879 308
30 8670 5970 5050 5870 6943 5665 37 4426 4073 495 3077 2259 7221 8773 559 2939 376 8686 7429 2859 4504 6572 7660 602 6610 4071 2005 931 7151 5360
27 2349 5507 8011 7604 9948 5676 8342 3485 7051 1502 3824 5652 965 8378 3778 71 3975 3606 565 9284 9257 9695 5195 5525 1604 975 3275
33 2561 212 4345 5374 6397 7280 7354 6066 4203 4709 4464 5043 6965 1495 7622 2753 9757 1885 2780 2040 7423 1671 3362 8700 1769 9038 4773 1247 6255 3126 9537 7369 2247
32 4901 9192 9645 4407 5430 892 7998 3726 9048 8361 6023 4159 5422 6050 3650 4113 1103 8278 2465 353 2071 7190 6130 9014 7335 3698 8053 6125 2506 5580 385 5748
25 3913 9650 1079 1449 3070 4613 7389 3809 3263 8269 3319 3567 7290 143 6646 2513 110 1808 9470 5942 8717 2395 1004 1282 7916
29 2661 439 1981 8018 2427 7101 1110 3593 9532 761 2972 3432 8329 5695 4813 6176 4425 6813 9178 1326 2106 2378 6093 4115 1809 4629 158 1631 8687
28 7534 4793 2273 8174 6002 2694 6391 1202 8354 381 66 4470 4157 4748 2973 7712 2124 8511 7869 431 2851 8172 3911 3867 2860 9590 1822 1238
28 1596 4184 836 3719 575 1115 2095 6086 9026 2641 8059 8300 5272 9659 7630 664 2382 532 7484 2624 5831 352 1037 8949 8130 7845 3541 8517
30 5418 340 2514 6013 3752 640 2374 3980 8 7506 2290 1517 169 4378 4992 1102 1920 3553 6609 3648 8033 8097 8424 6931 4769 479 4718 9454 2433 8737
26 8470 7362 4619 5575 6801 8411 7434 7254 6834 1523 6288 904 9325 3646 6010 161 1889 6296 2039 3922 4803 9073 7120 62 7637 7379
29 8443 6947 321 3111 4038 3995 1086 4849 2208 3031 481 1413 5095 6684 9135 4564 8147 5510 6575 474 4989 8592 8415 3268 8193 7408 6212 7338 9394
28 1921 3422 1010 3979 809 2250 6592 7451 4154 2118 2754 9409 4862 7099 1023 6780 2412 5018 4774 9762 8551 9361 3322 1124 53 8572 9059 9425
26 4747 8770 5734 5305 1514 9210 3564 6346 5931 1338 613 2231 635 3806 4417 4402 5905 7811 9910 4017 5955 2554 5031 9963 7412 1342
27 6632 8959 7654 6503 8708 1790 3627 6420 9468 4939 7325 6527 5123 6204 6072 9694 6145 3494 1120 2337 3236 8121 7694 7867 2459 6000 2801
31 9418 5851 371 5526 3311 3239 9028 9146 9313 707 5750 5957 3885 9262 9716 2185 2675 3705 7525 7334 9976 4396 9111 8184 5914 7689 6474 4476 7581 7054 3513
27 8932 3957 5344 7858 6986 114 3749 4886 2684 3723 2315 9250 1418 8938 2825 8894 7847 9420 5821 2600 2636 7720 7173 3391 813 7467 3151
31 8945 3876 3918 9349 8916 2844 9069 2285 1703 786 4102 6372 8379 3248 9553 9 1458 5075 1280 2577 8967 886 1127 4469 3592 5377 3264 1123 1430 147 5401
27 1793 3555 2099 8555 9905 8962 3561 6165 3253 1736 9830 8597 3477 6908 1402 413 8131 2281 9189 1492 5653 5895 6242 9961 8093 5396 841
28 7215 641 4890 6040 9472 7665 7548 9541 3428 5464 4365 8972 4332 4218 7346 2606 4544 5975 3297 671 5535 4091 5566 5051 1588 9416 4948 1904
28 8387 6442 6094 20 6324 8127 2356 6934 3969 6839 3822 6058 2568 1832 3389 2114 7973 5080 7863 5390 4506 3590 3827 8885 2000 3291 8754 1787
28 7162 2134 3468 788 1470 6136 6108 8716 7818 2081 9611 5980 7779 2697 4373 7056 9370 3313 8483 2083 7138 3720 4390 2417 4944 1429 9200 6359
29 2659 2067 5813 7659 8809 8340 3475 9471 7231 5622 4125 6182 628 6137 7846 7330 2132 5976 9339 377 4060 3258 5129 7625 6563 3804 4314 4358 6727
33 6061 2532 1313 3522 6311 6909 5091 1997 186 5814 4816 7314 9396 4654 6045 3886 2872 866 7612 2066 7340 1723 4720 7243 243 3665 1752 7918 2756 5 1441 6218 9182
32 6639 7270 3030 1105 8084 8802 9063 8344 4308 1065 6900 8116 4496 4843 157 7058 7118 4591 2878 9793 9500 1039 4661 934 9594 2330 6857 906 7232 163 9790 4799
26 3021 5591 3663 9613 4908 9514 284 2605 5672 505 1383 9326 7267 8455 9575 1309 5911 1836 3423 5136 8152 4824 4248 555 2541 1770
29 3952 1522 282 65 5747 3588 3447 9265 2117 1843 5544 6896 9701 2625 5614 8210 2970 305 6484 8844 5290 9818 6979 1512 4994 5128 6664 4757 598
26 8114 9643 2456 5548 2261 8032 5155 8388 1159 7070 211 8226 2658 3896 7114 8352 4732 6268 8642 5645 7324 4957 6481 1210 6304 1821
24 8351 2523 6052 894 6688 7734 4142 9114 5288 7437 3939 7265 5438 3199 9855 7374 5119 117 207 7611 2293 2346 6395 1368
28 900 1235 9100 2189 6028 1874 8633 723 5992 7168 6803 7285 247 1726 6624 8886 8963 8857 258 184 7828 1040 5938 5345 9817 2239 4116 7142
27 3436 4354 3138 5882 8836 9623 8054 8452 3244 6039 3576 2821 6134 4277 5497 5664 3241 1724 473 1064 1711 4922 5185 3557 5705 4621 4454
28 7756 5774 8236 6360 1393 399 4999 607 7657 8071 967 6760 9421 6530 3464 8878 9332 4565 6711 7597 4523 8709 1556 3921 9755 4165 220 2129
30 2528 1473 2031 9320 6631 2328 2177 7263 7145 9512 268 2798 5642 5808 2032 3507 6862 3229 1349 1767 9191 3076 9248 6265 9506 9549 703 7976 3528 252
26 2155 5044 5257 4584 6907 2669 6241 9142 9083 244 3376 4312 6696 9160 2056 1321 5420 648 901 9211 7358 7883 7253 970 1888 8541
28 9700 2807 1486 8658 4155 8818 142 1343 4143 4372 2639 9796 7889 2462 3368 4918 1870 4375 2705 4489 4341 3511 4182 6869 8663 5901 4315 8418
31 126 6673 368 5466 517 1129 5981 1902 1569 4513 8186 6353 335 14 989 8509 4667 1709 2320 8004 2107 4967 4951 8579 9589 9322 5612 1053 8873 675 2562
24 7194 7478 480 235 5538 1995 8104 8113 7064 1611 5239 1636 877 1215 2230 1207 6740 1141 6791 8952 850 6278 5116 8500
28 4978 8216 1891 8487 9710 8192 2109 9493 4563 3790 6775 325 9011 2645 7088 32 1490 4266 9267 7993 187 7179 336 9236 9263 93 6393 902
28 3748 8715 4695 2088 6713 9318 1077 8868 9230 6967 8519 3047 96 8691 8345 3548 59 7765 6233 2854 8468 450 5247 1863 6623 5117 4950 9622
29 1665 9431 5685 8520 1538 11 4041 5920 1649 2723 3602 7500 729 3730 609 3055 4945 5509 7163 3875 445 9942 1835 5233 7180 3001 6309 6686 4931
29 6065 9388 2123 2308 3527 2046 4029 9879 8676 6468 3615 4669 5187 6226 5782 9010 292 6814 2011 9851 1999 2921 554 3860 627 1597 8884 1487 7607
32 6271 3906 2094 486 5300 9840 6608 4626 6571 3231 6905 6653 1382 1494 1829 2017 4906 545 5647 1622 4856 925 230 2163 5837 1816 8297 3099 1505 4298 6128 2983
32 3826 2582 8768 5918 7166 3988 1447 4675 4333 1075 4786 5246 2757 3073 1358 3003 6129 1680 9917 6820 5862 2538 9151 4765 7402 2350 7367 8697 2221 6859 6411 7061
31 6511 7049 6823 9586 9112 7687 826 1162 7920 6219 7127 9928 8908 9794 4578 6915 7919 3879 872 2076 991 3304 6084 691 9446 4170 817 1772 9915 9909 964
31 6810 5948 3218 8105 4020 7411 8902 735 1570 7198 1008 5807 500 5385 4240 1866 6540 3321 8332 1799 2474 1668 2403 7995 276 5156 8162 3703 2053 1515 1258
27 8180 730 617 4075 10 9972 1955 1366 4187 100 6628 3552 1496 7893 9763 8089 6434 7268 5055 6148 3636 4754 5467 1779 9625 6634 6944
30 5723 9991 3958 1947 4927 7857 5558 3309 6194 8086 3365 5627 2839 6078 2206 1142 7493 3502 5533 5501 6215 2788 6570 8364 9440 3764 3036 679 5052 8741
31 6159 5021 9778 7457 3141 4267 4173 1335 4711 4086 3184 8217 7757 7586 2004 3635 1163 9529 6412 2064 1187 3937 1842 4660 6445 1462 2677 2531 250 2920 2771
31 4171 1773 2881 2537 4367 6478 5624 543 8719 935 3915 6064 2246 2227 4737 3616 8355 2404 6951 4582 7407 689 7755 8858 4753 5557 5153 3899 4386 2609 8911
30 7134 1099 7474 1881 1316 7711 197 1108 7480 3538 8380 6768 6403 9427 3677 9381 5417 4019 2116 1011 1610 156 5801 1660 6482 3462 8565 7538 4282 6295
30 9932 503 5950 573 501 9642 8323 579 366 2700 2272 7200 4509 982 8650 8489 909 1074 2629 6795 8588 1666 3425 7219 3295 8841 3323 4152 7087 6437
29 8694 7722 6647 8110 4936 8559 2559 754 7139 8467 3617 6685 4357 9534 2043 7725 600 5874 6773 3431 3340 4527 4760 3833 7613 6756 7894 2195 5772
27 8640 9474 9962 1859 1966 2588 3569 8656 6505 9046 5590 1511 1873 4637 1744 7989 9703 4021 7466 8993 2440 7096 8786 6117 9568 6822 2642
29 9770 5618 2059 6022 9082 1311 2196 4429 6247 2087 6962 6180 6757 4713 8142 4223 3797 7598 2635 2191 2795 9522 7636 9175 2815 8108 2755 2873 4545
28 7540 3381 950 1323 2885 6289 2545 3140 9574 4301 3621 255 9709 7803 4414 1249 3303 9760 9186 6162 4322 4049 6347 9128 5333 7485 5696 5167
28 6537 3159 6189 8574 9904 1626 3559 3676 7182 1775 7943 8336 5505 1905 3888 1952 5852 5818 9593 7664 6523 9141 4088 3235 9791 2013 9831 3610
27 6179 5481 1928 8542 1347 8739 8102 8457 7874 3761 7079 9877 5924 1892 8066 1303 4684 7387 9368 2194 3883 6214 8400 1080 3283 780 7227
26 5681 5930 9094 2737 9193 7055 1432 5871 7634 1351 3013 6451 4317 3721 9365 4822 943 5058 6257 9075 4195 3411 2236 2673 6994 8937
28 8009 824 4872 6293 3930 4663 7137 155 3549 6396 9560 6977 1830 643 5428 4825 2928 7455 8463 9814 8394 2198 1260 6699 9238 4394 5228 9954
28 9544 6955 5372 3083 3274 9025 4848 8923 8163 8280 7570 6083 9998 2432 8254 2845 918 6310 4178 6666 8904 3492 5388 4701 811 6657 2908 7359
27 8805 8092 4197 8965 737 3022 9656 1476 9726 2128 6758 6904 1535 3441 6337 4882 5106 391 7473 6267 5500 1036 6669 4455 8714 5436 6553
29 4789 6732 8412 556 196 8772 7128 3864 1438 4861 7093 2466 8425 1057 1146 6044 140 5192 1360 6690 1179 698 5503 3693 3744 3898 8454 3904 4640
27 8879 2999 8024 6041 1716 296 3257 162 8674 3773 5242 5539 1887 115 7308 1003 569 1083 6652 3516 8503 8745 9632 4567 5138 3619 4076
30 75 2267 9698 8244 7616 3729 6 8382 7204 8643 8856 5103 6104 9411 4090 5909 5327 6574 9375 5474 9044 3256 7674 3972 4650 2971 8421 3443 4355 1132
33 2952 9481 977 7004 3652 9099 8343 2302 2486 5792 5025 3357 5271 3945 9676 905 1114 7007 5219 8907 9728 70 5023 1242 2603 2156 3766 1531 8934 3009 236 7436 513
28 3857 4097 1136 6303 2709 8803 8088 9013 8600 8069 6034 9480 6968 8867 6439 2546 3146 560 6033 4229 2820 3496 3987 8134 1059 3118 2838 8256
29 4605 9188 5256 9374 195 823 9269 4876 9981 6106 1341 5378 4120 430 6829 2818 4689 8808 5490 2895 1746 9727 8513 9273 9515 2768 9719 4478 7872
29 9109 491 3734 8164 749 3154 828 1328 3600 9920 1471 2321 716 1927 214 9707 6024 9187 7188 4844 576 5355 724 7642 8983 2442 6313 3410 653
30 6952 1367 1184 4237 2779 2065 1061 2543 9911 6682 4787 4085 8960 475 99 9704 133 3955 2760 5350 6630 9696 2652 9747 2573 5826 504 9456 9272 8638
25 3279 5029 5221 898 7452 9085 4330 4023 9776 3043 4723 8137 259 3453 7771 5687 4025 9822 5524 5529 6258 4200 2036 5739 7513
33 6576 3531 3071 3092 4518 4380 8533 8112 374 7073 1646 1949 5194 5179 4596 4493 3067 1507 8185 2826 9090 9973 620 1735 8453 8406 9868 8346 6113 5144 1236 1322 8569
27 8771 119 5621 7089 814 4296 7904 2827 454 1710 4614 3605 8223 6375 8538 334 301 2955 7401 9413 6497 4246 3181 4507 2770 684 4524
29 6088 3472 7246 2257 8823 459 4208 7211 945 9901 812 5662 5072 7557 8413 394 7275 323 4997 2843 175 1826 8078 3201 4082 1373 5796 1784 8423
29 5065 2719 2620 9828 7508 1900 9379 2476 5458 9345 3852 2951 5971 6701 5230 1585 7939 3286 1676 3654 6440 8653 8356 5241 6150 9665 3997 7541 9795
26 624 3868 6141 2248 4979 9834 3738 5283 1480 2929 4838 4280 8560 1919 9228 7942 2909 0 1717 1472 8710 7552 4480 2051 6123 2096
28 2494 2431 9293 9347 3938 2115 7905 9341 3342 478 9717 4534 1416 3983 4371 1742 4833 6872 6615 1572 9887 1753 1139 9115 8992 9803 1521 3871
30 4364 1864 3074 6490 3717 9819 298 1463 7940 8156 307 2447 2527 611 6996 6399 4914 5291 1002 8840 9078 5959 2793 108 1554 1197 9520 2057 5556 1657
29 2406 696 6776 7677 2571 3224 29 3029 5607 19 1246 6334 6850 512 7882 7941 4428 4140 987 8238 9392 3704 1670 6603 7329 6275 4716 397 3122
27 8629 7854 7726 5629 6489 5753 9234 8704 3371 8310 2837 7124 5786 3094 4132 5281 4792 5146 7393 9443 4303 8903 9150 9076 6566 740 3299
29 7775 7471 7094 9620 5316 963 827 4285 2292 7013 3657 5073 7157 7336 4818 5045 8309 5406 8099 2803 4634 702 5086 1681 9761 9242 6341 1160 8154
28 6596 2678 5275 6222 6339 8014 3900 8359 5623 5655 388 9405 5373 6174 7150 3834 5811 5311 168 3167 6613 5069 8657 9592 5968 2608 1593 4385
28 3517 3554 1181 2706 7956 725 7964 5708 8133 8414 5027 2060 6772 7549 8047 4652 5904 1603 8232 4338 1192 9621 4655 5210 2841 2359 8201 2161
30 3901 1533 2444 8197 7583 4593 5341 6548 1591 7446 8016 976 2411 3287 7035 9072 1405 5890 5791 4163 1301 9310 5588 8407 9992 16 2147 338 8970 5168
28 1637 2783 8895 2834 25 3994 1041 7420 201 6827 7365 5287 1272 8732 1070 8859 8350 3035 6364 8123 9925 3533 816 5997 309 4030 7022 4117
31 2623 3633 7107 6181 8306 2638 2347 2461 3433 801 9985 733 9209 1054 2077 4919 1650 4988 4869 38 5440 4145 2823 8472 7494 4458 1691 8906 9165 383 883
26 3107 796 6821 6988 1800 4905 9331 9275 122 8459 2941 8804 4893 3568 3028 8008 6976 4095 1306 3227 1579 3709 7380 3701 2201 7751
29 1508 1350 516 1812 1374 5172 4324 6831 6349 1286 4842 2425 112 3152 5048 189 3020 8214 51 5293 4659 6424 9714 6543 4794 3866 8681 443 7980
30 9969 9995 3366 1705 5225 7551 3841 3977 1922 1201 4987 6400 5013 9312 6450 6741 4617 8666 4028 9093 1898 2368 8125 2940 3640 7957 4192 8756 1133 1411
31 8385 9527 5231 1255 467 7413 6818 8576 932 876 9102 1101 9779 8107 6365 2327 369 683 5427 2373 3563 4047 1477 333 6062 3656 7481 7331 8820 2687 3417
28 7153 951 3308 7746 9020 8556 8838 3338 6122 8098 6438 6963 8752 861 7104 3121 7091 4500 9737 7580 8103 7148 5492 3582 4636 2840 2536 6112
28 6625 8819 4540 7731 3655 4959 808 1019 463 1379 8667 1706 9455 1662 7740 8145 2009 9842 4566 4466 8971 8080 1267 7351 2339 1542 7679 2158
25 8314 2668 2789 7729 2751 1583 317 3294 2974 6611 4080 1068 8255 7560 1899 6037 2995 42 7708 7575 2048 6177 7299 6562 1897
29 1268 6269 7542 1227 1527 7342 6886 8312 727 2662 471 903 9507 5758 4930 907 2120 6287 3300 2313 6891 5475 1734 5460 784 1055 9629 8022 8365
27 7652 7537 2516 9927 6867 9766 9348 4920 6383 8684 6736 7836 153 9453 6457 2743 9497 2558 4363 8723 6229 5465 2069 9120 629 7773 791
28 7460 6755 561 9987 7156 9759 5232 5743 7819 9897 2319 1231 5026 9091 2730 4743 76 4101 332 9254 6750 6330 4236 8246 6488 2526 3560 3281
28 2296 2781 5678 1580 7868 6880 8430 7762 8313 3419 4492 9588 6721 2534 7032 527 7761 5036 9451 5832 2241 3856 1175 593 2154 9391 2322 7777
27 8096 4643 4287 7164 8243 9433 9479 8091 1757 7248 7591 2387 6398 2800 799 5404 972 5843 3387 3775 9988 3950 8063 5965 5151 9494 5863
28 8887 3161 566 7810 9715 1912 7594 6734 549 6678 4340 815 8787 8775 8661 3314 1849 8258 9126 327 726 6720 3149 421 5516 4183 6793 4263
25 6843 8037 9731 7804 7119 7619 6560 4772 992 4453 5037 4177 4199 8094 3134 1121 1193 6207 7539 5537 8026 928 9777 2439 2794
28 7908 2016 8583 3946 9523 783 7092 3270 7274 6394 7433 583 2889 9810 3250 7588 2520 1097 4243 1194 5107 654 6475 910 8699 738 5867 6538
28 4871 7907 2911 2448 5380 5686 1497 7085 6853 5389 5899 7218 6111 6175 5993 9618 6893 8832 8325 4413 1639 625 4759 2244 1926 3951 5714 3164
26 537 4256 6325 497 7895 6467 1251 5141 2488 6487 3327 1673 4288 4161 2998 8976 5035 9889 7981 7849 528 4937 4005 393 4942 3745
31 3642 4707 24 4702 7281 6053 5019 6101 6067 1026 1090 8705 4202 1741 7353 7146 2540 8371 7816 4990 4460 1883 7653 7643 4503 7798 9635 1025 2468 5177 3821
30 2791 2493 3589 5215 2866 1731 3613 5922 8209 1234 5399 1973 299 5790 264 2683 6114 5451 2924 6318 9771 6331 2436 7186 27 4318 2524 1677 2394 380
31 4235 4977 5007 1211 4346 7121 8811 6541 6109 3566 2688 8839 8529 1781 1392 2251 713 6665 7282 7345 790 8289 7576 8170 548 291 571 2918 9485 2748 7278
26 7718 6932 1601 1811 5039 6903 7266 8524 4010 7656 4112 4829 6811 5441 5137 1329 4062 5838 2805 2414 6001 3198 4214 9937 3019 7878
27 4419 9161 4791 5543 581 6636 9813 6047 759 9214 2593 6924 6726 4351 7860 5024 6354 2647 5763 4137 5604 476 446 3139 6876 4642 5170
30 7886 6447 4683 262 8002 9667 6342 4912 622 2035 8138 7832 1720 5493 8999 5259 7025 865 3846 8562 7304 8249 1817 8044 8324 7183 7259 4096 9229 3348
27 8360 1714 2848 4646 6887 8169 206 6089 1582 7732 7813 9299 234 8591 3449 4379 644 3234 8783 1587 7574 5370 5613 5448 6765 9583 6971
26 9847 1369 818 5521 4366 9722 7469 9319 3787 8827 461 2741 585 3508 3435 465 2331 9159 6638 5197 3060 9382 9097 5726 745 9393
28 5789 9768 5736 8935 5812 695 5381 6723 672 5891 1806 2975 6539 3828 8015 7404 5412 2689 5700 6340 3632 2086 5113 4616 7323 8872 238 134
25 4418 1027 9579 5615 8685 8160 6126 148 1884 2445 7310 4448 4551 2833 2260 521 8812 5371 3361 8625 2205 3855 5313 3103 6815
27 2611 869 7764 9950 160 748 4225 1284 6110 9567 7615 9252 3061 2148 6206 8505 5704 1302 8182 9106 8366 810 487 3177 2912 6007 3803
29 9555 4708 5712 9968 7856 4984 1685 8188 2240 7293 7141 2200 7881 3814 3096 8348 6601 8335 6697 3742 2499 9888 6557 4392 9408 5020 3347 5223 164
27 6279 6561 4548 8830 2703 9713 3699 3768 9206 9294 6528 3805 7795 4230 6809 1292 6914 2207 9461 4473 436 6234 968 3851 9533 9955 6584
